{"meta": {"format": 3, "version": "7.13.2", "timestamp": "2026-03-27T21:32:35.480558", "branch_coverage": false, "show_contexts": false}, "files": {"penguincode_cli/__init__.py": {"executed_lines": [], "summary": {"covered_lines": 0, "num_statements": 0, "percent_covered": 100.0, "percent_covered_display": "100", "missing_lines": 0, "excluded_lines": 0, "percent_statements_covered": 100.0, "percent_statements_covered_display": "100"}, "missing_lines": [], "excluded_lines": [], "functions": {"": {"executed_lines": [], "summary": {"covered_lines": 0, "num_statements": 0, "percent_covered": 100.0, "percent_covered_display": "100", "missing_lines": 0, "excluded_lines": 0, "percent_statements_covered": 100.0, "percent_statements_covered_display": "100"}, "missing_lines": [], "excluded_lines": [], "start_line": 1}}, "classes": {"": {"executed_lines": [], "summary": {"covered_lines": 0, "num_statements": 0, "percent_covered": 100.0, "percent_covered_display": "100", "missing_lines": 0, "excluded_lines": 0, "percent_statements_covered": 100.0, "percent_statements_covered_display": "100"}, "missing_lines": [], "excluded_lines": [], "start_line": 1}}}, "penguincode_cli/agents/__init__.py": {"executed_lines": [3, 4, 5, 6, 7, 8, 9, 10, 11, 12, 13, 15], "summary": {"covered_lines": 12, "num_statements": 12, "percent_covered": 100.0, "percent_covered_display": "100", "missing_lines": 0, "excluded_lines": 0, "percent_statements_covered": 100.0, "percent_statements_covered_display": "100"}, "missing_lines": [], "excluded_lines": [], "functions": {"": {"executed_lines": [3, 4, 5, 6, 7, 8, 9, 10, 11, 12, 13, 15], "summary": {"covered_lines": 12, "num_statements": 12, "percent_covered": 100.0, "percent_covered_display": "100", "missing_lines": 0, "excluded_lines": 0, "percent_statements_covered": 100.0, "percent_statements_covered_display": "100"}, "missing_lines": [], "excluded_lines": [], "start_line": 1}}, "classes": {"": {"executed_lines": [3, 4, 5, 6, 7, 8, 9, 10, 11, 12, 13, 15], "summary": {"covered_lines": 12, "num_statements": 12, "percent_covered": 100.0, "percent_covered_display": "100", "missing_lines": 0, "excluded_lines": 0, "percent_statements_covered": 100.0, "percent_statements_covered_display": "100"}, "missing_lines": [], "excluded_lines": [], "start_line": 1}}}, "penguincode_cli/agents/base.py": {"executed_lines": [3, 4, 5, 6, 7, 8, 10, 11, 20, 23, 26, 27, 28, 29, 30, 33, 34, 37, 38, 39, 40, 41, 42, 43, 44, 47, 48, 51, 52, 53, 54, 55, 56, 57, 59, 60, 64, 67, 70, 102, 127, 131, 152, 211, 311, 397, 419, 444, 459, 478, 484, 536, 787, 788, 830, 856, 857, 870, 874], "summary": {"covered_lines": 59, "num_statements": 439, "percent_covered": 13.439635535307517, "percent_covered_display": "13", "missing_lines": 380, "excluded_lines": 0, "percent_statements_covered": 13.439635535307517, "percent_statements_covered_display": "13"}, "missing_lines": [86, 87, 88, 91, 94, 95, 96, 97, 100, 104, 105, 107, 108, 109, 111, 112, 113, 114, 115, 117, 118, 119, 121, 122, 123, 124, 125, 129, 142, 143, 149, 150, 159, 161, 163, 165, 166, 167, 168, 169, 172, 173, 174, 175, 176, 177, 178, 179, 180, 181, 183, 184, 185, 186, 189, 190, 191, 195, 196, 197, 201, 202, 204, 206, 207, 209, 225, 226, 227, 233, 234, 240, 242, 243, 244, 245, 248, 249, 254, 255, 256, 257, 258, 261, 262, 267, 268, 269, 270, 271, 274, 275, 279, 280, 281, 282, 283, 286, 287, 291, 292, 293, 294, 295, 298, 299, 303, 304, 305, 306, 307, 309, 313, 316, 334, 335, 336, 337, 338, 340, 341, 342, 344, 345, 346, 347, 348, 349, 350, 351, 353, 354, 357, 358, 361, 363, 364, 365, 366, 369, 372, 373, 377, 378, 379, 380, 381, 384, 385, 386, 387, 388, 389, 390, 391, 393, 395, 399, 401, 407, 408, 409, 410, 412, 413, 414, 415, 417, 421, 424, 425, 426, 429, 435, 436, 437, 438, 439, 440, 442, 446, 449, 450, 451, 453, 454, 455, 457, 461, 464, 465, 466, 469, 470, 471, 472, 473, 474, 476, 482, 495, 496, 497, 500, 501, 502, 503, 504, 507, 508, 509, 510, 511, 512, 513, 515, 516, 519, 521, 522, 524, 526, 527, 528, 529, 531, 533, 534, 547, 548, 551, 554, 555, 556, 559, 561, 562, 565, 566, 567, 568, 569, 571, 572, 575, 576, 577, 579, 585, 586, 590, 591, 592, 593, 596, 597, 602, 603, 606, 608, 611, 612, 614, 615, 616, 618, 619, 624, 627, 628, 630, 633, 634, 635, 638, 639, 640, 641, 642, 643, 644, 645, 648, 649, 651, 652, 654, 655, 659, 660, 661, 662, 663, 664, 665, 666, 667, 668, 671, 672, 673, 674, 675, 676, 677, 678, 682, 685, 691, 692, 695, 696, 698, 711, 712, 714, 723, 724, 725, 736, 737, 738, 739, 741, 742, 745, 746, 748, 749, 750, 751, 760, 761, 764, 765, 775, 776, 777, 779, 790, 791, 793, 794, 795, 796, 797, 798, 801, 802, 803, 804, 805, 806, 807, 808, 810, 811, 813, 814, 816, 818, 819, 820, 821, 822, 823, 824, 825, 826, 828, 832, 833, 849, 850, 851, 852, 854, 868, 872, 876], "excluded_lines": [], "functions": {"BaseAgent.__init__": {"executed_lines": [], "summary": {"covered_lines": 0, "num_statements": 9, "percent_covered": 0.0, "percent_covered_display": "0", "missing_lines": 9, "excluded_lines": 0, "percent_statements_covered": 0.0, "percent_statements_covered_display": "0"}, "missing_lines": [86, 87, 88, 91, 94, 95, 96, 97, 100], "excluded_lines": [], "start_line": 70}, "BaseAgent._init_tools": {"executed_lines": [], "summary": {"covered_lines": 0, "num_statements": 18, "percent_covered": 0.0, "percent_covered_display": "0", "missing_lines": 18, "excluded_lines": 0, "percent_statements_covered": 0.0, "percent_statements_covered_display": "0"}, "missing_lines": [104, 105, 107, 108, 109, 111, 112, 113, 114, 115, 117, 118, 119, 121, 122, 123, 124, 125], "excluded_lines": [], "start_line": 102}, "BaseAgent.has_permission": {"executed_lines": [], "summary": {"covered_lines": 0, "num_statements": 1, "percent_covered": 0.0, "percent_covered_display": "0", "missing_lines": 1, "excluded_lines": 0, "percent_statements_covered": 0.0, "percent_statements_covered_display": "0"}, "missing_lines": [129], "excluded_lines": [], "start_line": 127}, "BaseAgent.execute_tool": {"executed_lines": [], "summary": {"covered_lines": 0, "num_statements": 4, "percent_covered": 0.0, "percent_covered_display": "0", "missing_lines": 4, "excluded_lines": 0, "percent_statements_covered": 0.0, "percent_statements_covered_display": "0"}, "missing_lines": [142, 143, 149, 150], "excluded_lines": [], "start_line": 131}, "BaseAgent._parse_tool_calls": {"executed_lines": [], "summary": {"covered_lines": 0, "num_statements": 34, "percent_covered": 0.0, "percent_covered_display": "0", "missing_lines": 34, "excluded_lines": 0, "percent_statements_covered": 0.0, "percent_statements_covered_display": "0"}, "missing_lines": [159, 161, 163, 165, 166, 167, 168, 169, 172, 173, 174, 175, 176, 177, 178, 179, 180, 181, 183, 184, 185, 186, 189, 190, 191, 195, 196, 197, 201, 202, 204, 206, 207, 209], "excluded_lines": [], "start_line": 152}, "BaseAgent._detect_tool_intent": {"executed_lines": [], "summary": {"covered_lines": 0, "num_statements": 46, "percent_covered": 0.0, "percent_covered_display": "0", "missing_lines": 46, "excluded_lines": 0, "percent_statements_covered": 0.0, "percent_statements_covered_display": "0"}, "missing_lines": [225, 226, 227, 233, 234, 240, 242, 243, 244, 245, 248, 249, 254, 255, 256, 257, 258, 261, 262, 267, 268, 269, 270, 271, 274, 275, 279, 280, 281, 282, 283, 286, 287, 291, 292, 293, 294, 295, 298, 299, 303, 304, 305, 306, 307, 309], "excluded_lines": [], "start_line": 211}, "BaseAgent._extract_write_args": {"executed_lines": [], "summary": {"covered_lines": 0, "num_statements": 45, "percent_covered": 0.0, "percent_covered_display": "0", "missing_lines": 45, "excluded_lines": 0, "percent_statements_covered": 0.0, "percent_statements_covered_display": "0"}, "missing_lines": [313, 316, 334, 335, 336, 337, 338, 340, 341, 342, 344, 345, 346, 347, 348, 349, 350, 351, 353, 354, 357, 358, 361, 363, 364, 365, 366, 369, 372, 373, 377, 378, 379, 380, 381, 384, 385, 386, 387, 388, 389, 390, 391, 393, 395], "excluded_lines": [], "start_line": 311}, "BaseAgent._extract_path_arg": {"executed_lines": [], "summary": {"covered_lines": 0, "num_statements": 11, "percent_covered": 0.0, "percent_covered_display": "0", "missing_lines": 11, "excluded_lines": 0, "percent_statements_covered": 0.0, "percent_statements_covered_display": "0"}, "missing_lines": [399, 401, 407, 408, 409, 410, 412, 413, 414, 415, 417], "excluded_lines": [], "start_line": 397}, "BaseAgent._extract_bash_args": {"executed_lines": [], "summary": {"covered_lines": 0, "num_statements": 12, "percent_covered": 0.0, "percent_covered_display": "0", "missing_lines": 12, "excluded_lines": 0, "percent_statements_covered": 0.0, "percent_statements_covered_display": "0"}, "missing_lines": [421, 424, 425, 426, 429, 435, 436, 437, 438, 439, 440, 442], "excluded_lines": [], "start_line": 419}, "BaseAgent._extract_grep_args": {"executed_lines": [], "summary": {"covered_lines": 0, "num_statements": 8, "percent_covered": 0.0, "percent_covered_display": "0", "missing_lines": 8, "excluded_lines": 0, "percent_statements_covered": 0.0, "percent_statements_covered_display": "0"}, "missing_lines": [446, 449, 450, 451, 453, 454, 455, 457], "excluded_lines": [], "start_line": 444}, "BaseAgent._extract_glob_args": {"executed_lines": [], "summary": {"covered_lines": 0, "num_statements": 11, "percent_covered": 0.0, "percent_covered_display": "0", "missing_lines": 11, "excluded_lines": 0, "percent_statements_covered": 0.0, "percent_statements_covered_display": "0"}, "missing_lines": [461, 464, 465, 466, 469, 470, 471, 472, 473, 474, 476], "excluded_lines": [], "start_line": 459}, "BaseAgent._extract_edit_args": {"executed_lines": [], "summary": {"covered_lines": 0, "num_statements": 1, "percent_covered": 0.0, "percent_covered_display": "0", "missing_lines": 1, "excluded_lines": 0, "percent_statements_covered": 0.0, "percent_statements_covered_display": "0"}, "missing_lines": [482], "excluded_lines": [], "start_line": 478}, "BaseAgent._execute_tool_call": {"executed_lines": [], "summary": {"covered_lines": 0, "num_statements": 28, "percent_covered": 0.0, "percent_covered_display": "0", "missing_lines": 28, "excluded_lines": 0, "percent_statements_covered": 0.0, "percent_statements_covered_display": "0"}, "missing_lines": [495, 496, 497, 500, 501, 502, 503, 504, 507, 508, 509, 510, 511, 512, 513, 515, 516, 519, 521, 522, 524, 526, 527, 528, 529, 531, 533, 534], "excluded_lines": [], "start_line": 484}, "BaseAgent.agentic_loop": {"executed_lines": [], "summary": {"covered_lines": 0, "num_statements": 111, "percent_covered": 0.0, "percent_covered_display": "0", "missing_lines": 111, "excluded_lines": 0, "percent_statements_covered": 0.0, "percent_statements_covered_display": "0"}, "missing_lines": [547, 548, 551, 554, 555, 556, 559, 561, 562, 565, 566, 567, 568, 569, 571, 572, 575, 576, 577, 579, 585, 586, 590, 591, 592, 593, 596, 597, 602, 603, 606, 608, 611, 612, 614, 615, 616, 618, 619, 624, 627, 628, 630, 633, 634, 635, 638, 639, 640, 641, 642, 643, 644, 645, 648, 649, 651, 652, 654, 655, 659, 660, 661, 662, 663, 664, 665, 666, 667, 668, 671, 672, 673, 674, 675, 676, 677, 678, 682, 685, 691, 692, 695, 696, 698, 711, 712, 714, 723, 724, 725, 736, 737, 738, 739, 741, 742, 745, 746, 748, 749, 750, 751, 760, 761, 764, 765, 775, 776, 777, 779], "excluded_lines": [], "start_line": 536}, "BaseAgent._build_summary": {"executed_lines": [], "summary": {"covered_lines": 0, "num_statements": 31, "percent_covered": 0.0, "percent_covered_display": "0", "missing_lines": 31, "excluded_lines": 0, "percent_statements_covered": 0.0, "percent_statements_covered_display": "0"}, "missing_lines": [790, 791, 793, 794, 795, 796, 797, 798, 801, 802, 803, 804, 805, 806, 807, 808, 810, 811, 813, 814, 816, 818, 819, 820, 821, 822, 823, 824, 825, 826, 828], "excluded_lines": [], "start_line": 788}, "BaseAgent._default_system_prompt": {"executed_lines": [], "summary": {"covered_lines": 0, "num_statements": 7, "percent_covered": 0.0, "percent_covered_display": "0", "missing_lines": 7, "excluded_lines": 0, "percent_statements_covered": 0.0, "percent_statements_covered_display": "0"}, "missing_lines": [832, 833, 849, 850, 851, 852, 854], "excluded_lines": [], "start_line": 830}, "BaseAgent.run": {"executed_lines": [], "summary": {"covered_lines": 0, "num_statements": 1, "percent_covered": 0.0, "percent_covered_display": "0", "missing_lines": 1, "excluded_lines": 0, "percent_statements_covered": 0.0, "percent_statements_covered_display": "0"}, "missing_lines": [868], "excluded_lines": [], "start_line": 857}, "BaseAgent.reset_conversation": {"executed_lines": [], "summary": {"covered_lines": 0, "num_statements": 1, "percent_covered": 0.0, "percent_covered_display": "0", "missing_lines": 1, "excluded_lines": 0, "percent_statements_covered": 0.0, "percent_statements_covered_display": "0"}, "missing_lines": [872], "excluded_lines": [], "start_line": 870}, "BaseAgent.get_conversation_history": {"executed_lines": [], "summary": {"covered_lines": 0, "num_statements": 1, "percent_covered": 0.0, "percent_covered_display": "0", "missing_lines": 1, "excluded_lines": 0, "percent_statements_covered": 0.0, "percent_statements_covered_display": "0"}, "missing_lines": [876], "excluded_lines": [], "start_line": 874}, "": {"executed_lines": [3, 4, 5, 6, 7, 8, 10, 11, 20, 23, 26, 27, 28, 29, 30, 33, 34, 37, 38, 39, 40, 41, 42, 43, 44, 47, 48, 51, 52, 53, 54, 55, 56, 57, 59, 60, 64, 67, 70, 102, 127, 131, 152, 211, 311, 397, 419, 444, 459, 478, 484, 536, 787, 788, 830, 856, 857, 870, 874], "summary": {"covered_lines": 59, "num_statements": 59, "percent_covered": 100.0, "percent_covered_display": "100", "missing_lines": 0, "excluded_lines": 0, "percent_statements_covered": 100.0, "percent_statements_covered_display": "100"}, "missing_lines": [], "excluded_lines": [], "start_line": 1}}, "classes": {"Permission": {"executed_lines": [], "summary": {"covered_lines": 0, "num_statements": 0, "percent_covered": 100.0, "percent_covered_display": "100", "missing_lines": 0, "excluded_lines": 0, "percent_statements_covered": 100.0, "percent_statements_covered_display": "100"}, "missing_lines": [], "excluded_lines": [], "start_line": 23}, "AgentConfig": {"executed_lines": [], "summary": {"covered_lines": 0, "num_statements": 0, "percent_covered": 100.0, "percent_covered_display": "100", "missing_lines": 0, "excluded_lines": 0, "percent_statements_covered": 100.0, "percent_statements_covered_display": "100"}, "missing_lines": [], "excluded_lines": [], "start_line": 34}, "AgentResult": {"executed_lines": [], "summary": {"covered_lines": 0, "num_statements": 0, "percent_covered": 100.0, "percent_covered_display": "100", "missing_lines": 0, "excluded_lines": 0, "percent_statements_covered": 100.0, "percent_statements_covered_display": "100"}, "missing_lines": [], "excluded_lines": [], "start_line": 48}, "BaseAgent": {"executed_lines": [], "summary": {"covered_lines": 0, "num_statements": 380, "percent_covered": 0.0, "percent_covered_display": "0", "missing_lines": 380, "excluded_lines": 0, "percent_statements_covered": 0.0, "percent_statements_covered_display": "0"}, "missing_lines": [86, 87, 88, 91, 94, 95, 96, 97, 100, 104, 105, 107, 108, 109, 111, 112, 113, 114, 115, 117, 118, 119, 121, 122, 123, 124, 125, 129, 142, 143, 149, 150, 159, 161, 163, 165, 166, 167, 168, 169, 172, 173, 174, 175, 176, 177, 178, 179, 180, 181, 183, 184, 185, 186, 189, 190, 191, 195, 196, 197, 201, 202, 204, 206, 207, 209, 225, 226, 227, 233, 234, 240, 242, 243, 244, 245, 248, 249, 254, 255, 256, 257, 258, 261, 262, 267, 268, 269, 270, 271, 274, 275, 279, 280, 281, 282, 283, 286, 287, 291, 292, 293, 294, 295, 298, 299, 303, 304, 305, 306, 307, 309, 313, 316, 334, 335, 336, 337, 338, 340, 341, 342, 344, 345, 346, 347, 348, 349, 350, 351, 353, 354, 357, 358, 361, 363, 364, 365, 366, 369, 372, 373, 377, 378, 379, 380, 381, 384, 385, 386, 387, 388, 389, 390, 391, 393, 395, 399, 401, 407, 408, 409, 410, 412, 413, 414, 415, 417, 421, 424, 425, 426, 429, 435, 436, 437, 438, 439, 440, 442, 446, 449, 450, 451, 453, 454, 455, 457, 461, 464, 465, 466, 469, 470, 471, 472, 473, 474, 476, 482, 495, 496, 497, 500, 501, 502, 503, 504, 507, 508, 509, 510, 511, 512, 513, 515, 516, 519, 521, 522, 524, 526, 527, 528, 529, 531, 533, 534, 547, 548, 551, 554, 555, 556, 559, 561, 562, 565, 566, 567, 568, 569, 571, 572, 575, 576, 577, 579, 585, 586, 590, 591, 592, 593, 596, 597, 602, 603, 606, 608, 611, 612, 614, 615, 616, 618, 619, 624, 627, 628, 630, 633, 634, 635, 638, 639, 640, 641, 642, 643, 644, 645, 648, 649, 651, 652, 654, 655, 659, 660, 661, 662, 663, 664, 665, 666, 667, 668, 671, 672, 673, 674, 675, 676, 677, 678, 682, 685, 691, 692, 695, 696, 698, 711, 712, 714, 723, 724, 725, 736, 737, 738, 739, 741, 742, 745, 746, 748, 749, 750, 751, 760, 761, 764, 765, 775, 776, 777, 779, 790, 791, 793, 794, 795, 796, 797, 798, 801, 802, 803, 804, 805, 806, 807, 808, 810, 811, 813, 814, 816, 818, 819, 820, 821, 822, 823, 824, 825, 826, 828, 832, 833, 849, 850, 851, 852, 854, 868, 872, 876], "excluded_lines": [], "start_line": 67}, "": {"executed_lines": [3, 4, 5, 6, 7, 8, 10, 11, 20, 23, 26, 27, 28, 29, 30, 33, 34, 37, 38, 39, 40, 41, 42, 43, 44, 47, 48, 51, 52, 53, 54, 55, 56, 57, 59, 60, 64, 67, 70, 102, 127, 131, 152, 211, 311, 397, 419, 444, 459, 478, 484, 536, 787, 788, 830, 856, 857, 870, 874], "summary": {"covered_lines": 59, "num_statements": 59, "percent_covered": 100.0, "percent_covered_display": "100", "missing_lines": 0, "excluded_lines": 0, "percent_statements_covered": 100.0, "percent_statements_covered_display": "100"}, "missing_lines": [], "excluded_lines": [], "start_line": 1}}}, "penguincode_cli/agents/chat.py": {"executed_lines": [13, 14, 15, 17, 18, 28, 29, 30, 32, 33, 40, 43, 46, 47, 48, 52, 58, 63, 67, 68, 71, 72, 75, 82, 98, 99, 100, 102, 104, 112, 113, 114, 115, 118, 119, 122, 123, 126, 127, 128, 129, 132, 135, 136, 137, 138, 141, 144, 145, 152, 182, 212, 222, 237, 253, 257, 340, 383, 434, 456, 494, 608, 684, 766, 914, 919, 943, 954, 964, 968, 972, 981, 988, 1037, 1060, 1079, 1111], "summary": {"covered_lines": 77, "num_statements": 522, "percent_covered": 14.75095785440613, "percent_covered_display": "15", "missing_lines": 445, "excluded_lines": 0, "percent_statements_covered": 14.75095785440613, "percent_statements_covered_display": "15"}, "missing_lines": [49, 50, 54, 55, 56, 60, 61, 64, 65, 69, 73, 79, 146, 149, 150, 160, 161, 162, 163, 171, 172, 173, 174, 180, 190, 191, 192, 193, 194, 202, 203, 204, 210, 214, 215, 216, 220, 224, 225, 227, 228, 235, 239, 240, 242, 243, 244, 245, 246, 247, 248, 249, 251, 255, 280, 281, 284, 286, 287, 288, 289, 290, 291, 292, 293, 294, 295, 296, 297, 298, 299, 301, 302, 304, 306, 307, 309, 315, 316, 318, 320, 322, 323, 325, 326, 329, 330, 332, 333, 334, 335, 336, 337, 338, 353, 355, 356, 357, 360, 366, 369, 370, 371, 373, 374, 375, 376, 378, 379, 381, 395, 397, 398, 400, 402, 404, 405, 407, 410, 413, 416, 417, 418, 419, 420, 423, 424, 425, 426, 429, 432, 442, 444, 445, 448, 458, 459, 461, 462, 463, 464, 465, 466, 467, 469, 470, 471, 472, 473, 474, 475, 476, 477, 478, 480, 481, 482, 483, 484, 485, 486, 487, 488, 489, 490, 492, 505, 506, 511, 523, 524, 527, 530, 532, 533, 534, 540, 541, 545, 546, 547, 549, 550, 551, 555, 556, 557, 558, 559, 560, 561, 562, 565, 568, 569, 572, 573, 576, 577, 578, 579, 580, 581, 582, 590, 592, 597, 599, 604, 606, 621, 622, 623, 626, 627, 628, 631, 637, 642, 644, 645, 646, 649, 650, 651, 652, 654, 655, 656, 657, 658, 660, 661, 662, 664, 665, 666, 667, 670, 671, 672, 673, 678, 680, 681, 682, 695, 698, 703, 708, 709, 712, 713, 714, 715, 717, 718, 719, 720, 721, 723, 724, 726, 728, 729, 730, 731, 733, 734, 735, 736, 737, 738, 739, 741, 742, 743, 744, 748, 749, 751, 752, 757, 758, 760, 762, 763, 764, 782, 783, 786, 789, 792, 793, 794, 798, 799, 801, 804, 805, 808, 809, 810, 811, 813, 815, 816, 819, 820, 823, 824, 825, 828, 829, 830, 831, 832, 834, 835, 836, 839, 840, 841, 842, 844, 845, 846, 847, 848, 850, 852, 854, 856, 858, 859, 861, 863, 864, 866, 867, 869, 871, 873, 875, 876, 877, 880, 881, 882, 885, 886, 887, 891, 893, 894, 897, 899, 902, 903, 906, 908, 910, 911, 912, 916, 917, 934, 935, 936, 939, 940, 941, 945, 946, 947, 950, 951, 952, 956, 966, 970, 974, 975, 976, 977, 978, 979, 983, 984, 985, 986, 994, 995, 998, 999, 1000, 1003, 1009, 1015, 1016, 1017, 1019, 1021, 1022, 1024, 1027, 1028, 1030, 1032, 1033, 1046, 1047, 1049, 1050, 1055, 1056, 1057, 1058, 1067, 1068, 1070, 1071, 1076, 1077, 1084, 1085, 1088, 1089, 1092, 1099, 1100, 1101, 1103, 1104, 1108, 1109, 1123, 1125, 1126, 1128, 1129, 1130, 1132, 1133, 1134], "excluded_lines": [], "functions": {"AgentSemaphore.__init__": {"executed_lines": [47, 48], "summary": {"covered_lines": 2, "num_statements": 4, "percent_covered": 50.0, "percent_covered_display": "50", "missing_lines": 2, "excluded_lines": 0, "percent_statements_covered": 50.0, "percent_statements_covered_display": "50"}, "missing_lines": [49, 50], "excluded_lines": [], "start_line": 46}, "AgentSemaphore.acquire": {"executed_lines": [], "summary": {"covered_lines": 0, "num_statements": 3, "percent_covered": 0.0, "percent_covered_display": "0", "missing_lines": 3, "excluded_lines": 0, "percent_statements_covered": 0.0, "percent_statements_covered_display": "0"}, "missing_lines": [54, 55, 56], "excluded_lines": [], "start_line": 52}, "AgentSemaphore.release": {"executed_lines": [], "summary": {"covered_lines": 0, "num_statements": 2, "percent_covered": 0.0, "percent_covered_display": "0", "missing_lines": 2, "excluded_lines": 0, "percent_statements_covered": 0.0, "percent_statements_covered_display": "0"}, "missing_lines": [60, 61], "excluded_lines": [], "start_line": 58}, "AgentSemaphore._decrement_count": {"executed_lines": [], "summary": {"covered_lines": 0, "num_statements": 2, "percent_covered": 0.0, "percent_covered_display": "0", "missing_lines": 2, "excluded_lines": 0, "percent_statements_covered": 0.0, "percent_statements_covered_display": "0"}, "missing_lines": [64, 65], "excluded_lines": [], "start_line": 63}, "AgentSemaphore.active_agents": {"executed_lines": [], "summary": {"covered_lines": 0, "num_statements": 1, "percent_covered": 0.0, "percent_covered_display": "0", "missing_lines": 1, "excluded_lines": 0, "percent_statements_covered": 0.0, "percent_statements_covered_display": "0"}, "missing_lines": [69], "excluded_lines": [], "start_line": 68}, "AgentSemaphore.available_slots": {"executed_lines": [], "summary": {"covered_lines": 0, "num_statements": 1, "percent_covered": 0.0, "percent_covered_display": "0", "missing_lines": 1, "excluded_lines": 0, "percent_statements_covered": 0.0, "percent_statements_covered_display": "0"}, "missing_lines": [73], "excluded_lines": [], "start_line": 72}, "AgentSemaphore.adjust_max": {"executed_lines": [], "summary": {"covered_lines": 0, "num_statements": 1, "percent_covered": 0.0, "percent_covered_display": "0", "missing_lines": 1, "excluded_lines": 0, "percent_statements_covered": 0.0, "percent_statements_covered_display": "0"}, "missing_lines": [79], "excluded_lines": [], "start_line": 75}, "ChatAgent.__init__": {"executed_lines": [112, 113, 114, 115, 118, 119, 122, 123, 126, 127, 128, 129, 132, 135, 136, 137, 138, 141, 144, 145], "summary": {"covered_lines": 20, "num_statements": 23, "percent_covered": 86.95652173913044, "percent_covered_display": "87", "missing_lines": 3, "excluded_lines": 0, "percent_statements_covered": 86.95652173913044, "percent_statements_covered_display": "87"}, "missing_lines": [146, 149, 150], "excluded_lines": [], "start_line": 104}, "ChatAgent._get_explorer_agent": {"executed_lines": [], "summary": {"covered_lines": 0, "num_statements": 9, "percent_covered": 0.0, "percent_covered_display": "0", "missing_lines": 9, "excluded_lines": 0, "percent_statements_covered": 0.0, "percent_statements_covered_display": "0"}, "missing_lines": [160, 161, 162, 163, 171, 172, 173, 174, 180], "excluded_lines": [], "start_line": 152}, "ChatAgent._get_executor_agent": {"executed_lines": [], "summary": {"covered_lines": 0, "num_statements": 9, "percent_covered": 0.0, "percent_covered_display": "0", "missing_lines": 9, "excluded_lines": 0, "percent_statements_covered": 0.0, "percent_statements_covered_display": "0"}, "missing_lines": [190, 191, 192, 193, 194, 202, 203, 204, 210], "excluded_lines": [], "start_line": 182}, "ChatAgent._get_planner_agent": {"executed_lines": [], "summary": {"covered_lines": 0, "num_statements": 4, "percent_covered": 0.0, "percent_covered_display": "0", "missing_lines": 4, "excluded_lines": 0, "percent_statements_covered": 0.0, "percent_statements_covered_display": "0"}, "missing_lines": [214, 215, 216, 220], "excluded_lines": [], "start_line": 212}, "ChatAgent._get_researcher_agent": {"executed_lines": [], "summary": {"covered_lines": 0, "num_statements": 5, "percent_covered": 0.0, "percent_covered_display": "0", "missing_lines": 5, "excluded_lines": 0, "percent_statements_covered": 0.0, "percent_statements_covered_display": "0"}, "missing_lines": [224, 225, 227, 228, 235], "excluded_lines": [], "start_line": 222}, "ChatAgent._get_mcp_tools": {"executed_lines": [], "summary": {"covered_lines": 0, "num_statements": 11, "percent_covered": 0.0, "percent_covered_display": "0", "missing_lines": 11, "excluded_lines": 0, "percent_statements_covered": 0.0, "percent_statements_covered_display": "0"}, "missing_lines": [239, 240, 242, 243, 244, 245, 246, 247, 248, 249, 251], "excluded_lines": [], "start_line": 237}, "ChatAgent.shutdown": {"executed_lines": [], "summary": {"covered_lines": 0, "num_statements": 1, "percent_covered": 0.0, "percent_covered_display": "0", "missing_lines": 1, "excluded_lines": 0, "percent_statements_covered": 0.0, "percent_statements_covered_display": "0"}, "missing_lines": [255], "excluded_lines": [], "start_line": 253}, "ChatAgent._spawn_agent": {"executed_lines": [], "summary": {"covered_lines": 0, "num_statements": 40, "percent_covered": 0.0, "percent_covered_display": "0", "missing_lines": 40, "excluded_lines": 0, "percent_statements_covered": 0.0, "percent_statements_covered_display": "0"}, "missing_lines": [280, 281, 284, 286, 287, 288, 289, 290, 291, 292, 293, 294, 295, 296, 297, 298, 299, 301, 302, 304, 306, 307, 309, 315, 316, 318, 320, 322, 323, 325, 326, 329, 330, 332, 333, 334, 335, 336, 337, 338], "excluded_lines": [], "start_line": 257}, "ChatAgent._spawn_agents_parallel": {"executed_lines": [], "summary": {"covered_lines": 0, "num_statements": 14, "percent_covered": 0.0, "percent_covered_display": "0", "missing_lines": 14, "excluded_lines": 0, "percent_statements_covered": 0.0, "percent_statements_covered_display": "0"}, "missing_lines": [353, 355, 360, 366, 369, 370, 371, 373, 374, 375, 376, 378, 379, 381], "excluded_lines": [], "start_line": 340}, "ChatAgent._spawn_agents_parallel.run_task": {"executed_lines": [], "summary": {"covered_lines": 0, "num_statements": 2, "percent_covered": 0.0, "percent_covered_display": "0", "missing_lines": 2, "excluded_lines": 0, "percent_statements_covered": 0.0, "percent_statements_covered_display": "0"}, "missing_lines": [356, 357], "excluded_lines": [], "start_line": 355}, "ChatAgent._execute_plan": {"executed_lines": [], "summary": {"covered_lines": 0, "num_statements": 21, "percent_covered": 0.0, "percent_covered_display": "0", "missing_lines": 21, "excluded_lines": 0, "percent_statements_covered": 0.0, "percent_statements_covered_display": "0"}, "missing_lines": [395, 397, 398, 400, 402, 404, 405, 407, 410, 413, 416, 417, 418, 419, 420, 423, 424, 425, 426, 429, 432], "excluded_lines": [], "start_line": 383}, "ChatAgent._review_plan_execution": {"executed_lines": [], "summary": {"covered_lines": 0, "num_statements": 4, "percent_covered": 0.0, "percent_covered_display": "0", "missing_lines": 4, "excluded_lines": 0, "percent_statements_covered": 0.0, "percent_statements_covered_display": "0"}, "missing_lines": [442, 444, 445, 448], "excluded_lines": [], "start_line": 434}, "ChatAgent._parse_tool_calls": {"executed_lines": [], "summary": {"covered_lines": 0, "num_statements": 31, "percent_covered": 0.0, "percent_covered_display": "0", "missing_lines": 31, "excluded_lines": 0, "percent_statements_covered": 0.0, "percent_statements_covered_display": "0"}, "missing_lines": [458, 459, 461, 462, 463, 464, 465, 466, 467, 469, 470, 471, 472, 473, 474, 475, 476, 477, 478, 480, 481, 482, 483, 484, 485, 486, 487, 488, 489, 490, 492], "excluded_lines": [], "start_line": 456}, "ChatAgent._call_llm": {"executed_lines": [], "summary": {"covered_lines": 0, "num_statements": 44, "percent_covered": 0.0, "percent_covered_display": "0", "missing_lines": 44, "excluded_lines": 0, "percent_statements_covered": 0.0, "percent_statements_covered_display": "0"}, "missing_lines": [505, 506, 511, 523, 524, 527, 530, 532, 533, 534, 540, 541, 545, 546, 547, 549, 550, 551, 555, 556, 557, 558, 559, 560, 561, 562, 565, 568, 569, 572, 573, 576, 577, 578, 579, 580, 581, 582, 590, 592, 597, 599, 604, 606], "excluded_lines": [], "start_line": 494}, "ChatAgent._review_and_supervise": {"executed_lines": [], "summary": {"covered_lines": 0, "num_statements": 36, "percent_covered": 0.0, "percent_covered_display": "0", "missing_lines": 36, "excluded_lines": 0, "percent_statements_covered": 0.0, "percent_statements_covered_display": "0"}, "missing_lines": [621, 622, 623, 626, 627, 628, 631, 637, 642, 644, 645, 646, 649, 650, 651, 652, 654, 655, 656, 657, 658, 660, 661, 662, 664, 665, 666, 667, 670, 671, 672, 673, 678, 680, 681, 682], "excluded_lines": [], "start_line": 608}, "ChatAgent._handle_escalation": {"executed_lines": [], "summary": {"covered_lines": 0, "num_statements": 42, "percent_covered": 0.0, "percent_covered_display": "0", "missing_lines": 42, "excluded_lines": 0, "percent_statements_covered": 0.0, "percent_statements_covered_display": "0"}, "missing_lines": [695, 698, 703, 708, 709, 712, 713, 714, 715, 717, 718, 719, 720, 721, 723, 724, 726, 728, 729, 730, 731, 733, 734, 735, 736, 737, 738, 739, 741, 742, 743, 744, 748, 749, 751, 752, 757, 758, 760, 762, 763, 764], "excluded_lines": [], "start_line": 684}, "ChatAgent.process": {"executed_lines": [], "summary": {"covered_lines": 0, "num_statements": 76, "percent_covered": 0.0, "percent_covered_display": "0", "missing_lines": 76, "excluded_lines": 0, "percent_statements_covered": 0.0, "percent_statements_covered_display": "0"}, "missing_lines": [782, 783, 786, 789, 792, 793, 794, 798, 799, 801, 804, 805, 808, 809, 810, 811, 813, 815, 816, 819, 820, 823, 824, 825, 828, 829, 830, 831, 832, 834, 835, 836, 839, 840, 841, 842, 844, 845, 846, 847, 848, 850, 852, 854, 856, 858, 859, 861, 863, 864, 866, 867, 869, 871, 873, 875, 876, 877, 880, 881, 882, 885, 886, 887, 891, 893, 894, 897, 899, 902, 903, 906, 908, 910, 911, 912], "excluded_lines": [], "start_line": 766}, "ChatAgent.reset_conversation": {"executed_lines": [], "summary": {"covered_lines": 0, "num_statements": 2, "percent_covered": 0.0, "percent_covered_display": "0", "missing_lines": 2, "excluded_lines": 0, "percent_statements_covered": 0.0, "percent_statements_covered_display": "0"}, "missing_lines": [916, 917], "excluded_lines": [], "start_line": 914}, "ChatAgent.activate_skill": {"executed_lines": [], "summary": {"covered_lines": 0, "num_statements": 6, "percent_covered": 0.0, "percent_covered_display": "0", "missing_lines": 6, "excluded_lines": 0, "percent_statements_covered": 0.0, "percent_statements_covered_display": "0"}, "missing_lines": [934, 935, 936, 939, 940, 941], "excluded_lines": [], "start_line": 919}, "ChatAgent.deactivate_skill": {"executed_lines": [], "summary": {"covered_lines": 0, "num_statements": 6, "percent_covered": 0.0, "percent_covered_display": "0", "missing_lines": 6, "excluded_lines": 0, "percent_statements_covered": 0.0, "percent_statements_covered_display": "0"}, "missing_lines": [945, 946, 947, 950, 951, 952], "excluded_lines": [], "start_line": 943}, "ChatAgent.get_agent_status": {"executed_lines": [], "summary": {"covered_lines": 0, "num_statements": 1, "percent_covered": 0.0, "percent_covered_display": "0", "missing_lines": 1, "excluded_lines": 0, "percent_statements_covered": 0.0, "percent_statements_covered_display": "0"}, "missing_lines": [956], "excluded_lines": [], "start_line": 954}, "ChatAgent._estimate_tokens": {"executed_lines": [], "summary": {"covered_lines": 0, "num_statements": 1, "percent_covered": 0.0, "percent_covered_display": "0", "missing_lines": 1, "excluded_lines": 0, "percent_statements_covered": 0.0, "percent_statements_covered_display": "0"}, "missing_lines": [966], "excluded_lines": [], "start_line": 964}, "ChatAgent._get_context_window": {"executed_lines": [], "summary": {"covered_lines": 0, "num_statements": 1, "percent_covered": 0.0, "percent_covered_display": "0", "missing_lines": 1, "excluded_lines": 0, "percent_statements_covered": 0.0, "percent_statements_covered_display": "0"}, "missing_lines": [970], "excluded_lines": [], "start_line": 968}, "ChatAgent._get_history_tokens": {"executed_lines": [], "summary": {"covered_lines": 0, "num_statements": 6, "percent_covered": 0.0, "percent_covered_display": "0", "missing_lines": 6, "excluded_lines": 0, "percent_statements_covered": 0.0, "percent_statements_covered_display": "0"}, "missing_lines": [974, 975, 976, 977, 978, 979], "excluded_lines": [], "start_line": 972}, "ChatAgent._needs_compaction": {"executed_lines": [], "summary": {"covered_lines": 0, "num_statements": 4, "percent_covered": 0.0, "percent_covered_display": "0", "missing_lines": 4, "excluded_lines": 0, "percent_statements_covered": 0.0, "percent_statements_covered_display": "0"}, "missing_lines": [983, 984, 985, 986], "excluded_lines": [], "start_line": 981}, "ChatAgent._compact_history": {"executed_lines": [], "summary": {"covered_lines": 0, "num_statements": 19, "percent_covered": 0.0, "percent_covered_display": "0", "missing_lines": 19, "excluded_lines": 0, "percent_statements_covered": 0.0, "percent_statements_covered_display": "0"}, "missing_lines": [994, 995, 998, 999, 1000, 1003, 1009, 1015, 1016, 1017, 1019, 1021, 1022, 1024, 1027, 1028, 1030, 1032, 1033], "excluded_lines": [], "start_line": 988}, "ChatAgent._search_memories": {"executed_lines": [], "summary": {"covered_lines": 0, "num_statements": 8, "percent_covered": 0.0, "percent_covered_display": "0", "missing_lines": 8, "excluded_lines": 0, "percent_statements_covered": 0.0, "percent_statements_covered_display": "0"}, "missing_lines": [1046, 1047, 1049, 1050, 1055, 1056, 1057, 1058], "excluded_lines": [], "start_line": 1037}, "ChatAgent._store_memory": {"executed_lines": [], "summary": {"covered_lines": 0, "num_statements": 6, "percent_covered": 0.0, "percent_covered_display": "0", "missing_lines": 6, "excluded_lines": 0, "percent_statements_covered": 0.0, "percent_statements_covered_display": "0"}, "missing_lines": [1067, 1068, 1070, 1071, 1076, 1077], "excluded_lines": [], "start_line": 1060}, "ChatAgent._extract_and_store_memories": {"executed_lines": [], "summary": {"covered_lines": 0, "num_statements": 12, "percent_covered": 0.0, "percent_covered_display": "0", "missing_lines": 12, "excluded_lines": 0, "percent_statements_covered": 0.0, "percent_statements_covered_display": "0"}, "missing_lines": [1084, 1085, 1088, 1089, 1092, 1099, 1100, 1101, 1103, 1104, 1108, 1109], "excluded_lines": [], "start_line": 1079}, "ChatAgent._build_context_with_memories": {"executed_lines": [], "summary": {"covered_lines": 0, "num_statements": 9, "percent_covered": 0.0, "percent_covered_display": "0", "missing_lines": 9, "excluded_lines": 0, "percent_statements_covered": 0.0, "percent_statements_covered_display": "0"}, "missing_lines": [1123, 1125, 1126, 1128, 1129, 1130, 1132, 1133, 1134], "excluded_lines": [], "start_line": 1111}, "": {"executed_lines": [13, 14, 15, 17, 18, 28, 29, 30, 32, 33, 40, 43, 46, 52, 58, 63, 67, 68, 71, 72, 75, 82, 98, 99, 100, 102, 104, 152, 182, 212, 222, 237, 253, 257, 340, 383, 434, 456, 494, 608, 684, 766, 914, 919, 943, 954, 964, 968, 972, 981, 988, 1037, 1060, 1079, 1111], "summary": {"covered_lines": 55, "num_statements": 55, "percent_covered": 100.0, "percent_covered_display": "100", "missing_lines": 0, "excluded_lines": 0, "percent_statements_covered": 100.0, "percent_statements_covered_display": "100"}, "missing_lines": [], "excluded_lines": [], "start_line": 1}}, "classes": {"AgentSemaphore": {"executed_lines": [47, 48], "summary": {"covered_lines": 2, "num_statements": 14, "percent_covered": 14.285714285714286, "percent_covered_display": "14", "missing_lines": 12, "excluded_lines": 0, "percent_statements_covered": 14.285714285714286, "percent_statements_covered_display": "14"}, "missing_lines": [49, 50, 54, 55, 56, 60, 61, 64, 65, 69, 73, 79], "excluded_lines": [], "start_line": 43}, "ChatAgent": {"executed_lines": [112, 113, 114, 115, 118, 119, 122, 123, 126, 127, 128, 129, 132, 135, 136, 137, 138, 141, 144, 145], "summary": {"covered_lines": 20, "num_statements": 453, "percent_covered": 4.415011037527594, "percent_covered_display": "4", "missing_lines": 433, "excluded_lines": 0, "percent_statements_covered": 4.415011037527594, "percent_statements_covered_display": "4"}, "missing_lines": [146, 149, 150, 160, 161, 162, 163, 171, 172, 173, 174, 180, 190, 191, 192, 193, 194, 202, 203, 204, 210, 214, 215, 216, 220, 224, 225, 227, 228, 235, 239, 240, 242, 243, 244, 245, 246, 247, 248, 249, 251, 255, 280, 281, 284, 286, 287, 288, 289, 290, 291, 292, 293, 294, 295, 296, 297, 298, 299, 301, 302, 304, 306, 307, 309, 315, 316, 318, 320, 322, 323, 325, 326, 329, 330, 332, 333, 334, 335, 336, 337, 338, 353, 355, 356, 357, 360, 366, 369, 370, 371, 373, 374, 375, 376, 378, 379, 381, 395, 397, 398, 400, 402, 404, 405, 407, 410, 413, 416, 417, 418, 419, 420, 423, 424, 425, 426, 429, 432, 442, 444, 445, 448, 458, 459, 461, 462, 463, 464, 465, 466, 467, 469, 470, 471, 472, 473, 474, 475, 476, 477, 478, 480, 481, 482, 483, 484, 485, 486, 487, 488, 489, 490, 492, 505, 506, 511, 523, 524, 527, 530, 532, 533, 534, 540, 541, 545, 546, 547, 549, 550, 551, 555, 556, 557, 558, 559, 560, 561, 562, 565, 568, 569, 572, 573, 576, 577, 578, 579, 580, 581, 582, 590, 592, 597, 599, 604, 606, 621, 622, 623, 626, 627, 628, 631, 637, 642, 644, 645, 646, 649, 650, 651, 652, 654, 655, 656, 657, 658, 660, 661, 662, 664, 665, 666, 667, 670, 671, 672, 673, 678, 680, 681, 682, 695, 698, 703, 708, 709, 712, 713, 714, 715, 717, 718, 719, 720, 721, 723, 724, 726, 728, 729, 730, 731, 733, 734, 735, 736, 737, 738, 739, 741, 742, 743, 744, 748, 749, 751, 752, 757, 758, 760, 762, 763, 764, 782, 783, 786, 789, 792, 793, 794, 798, 799, 801, 804, 805, 808, 809, 810, 811, 813, 815, 816, 819, 820, 823, 824, 825, 828, 829, 830, 831, 832, 834, 835, 836, 839, 840, 841, 842, 844, 845, 846, 847, 848, 850, 852, 854, 856, 858, 859, 861, 863, 864, 866, 867, 869, 871, 873, 875, 876, 877, 880, 881, 882, 885, 886, 887, 891, 893, 894, 897, 899, 902, 903, 906, 908, 910, 911, 912, 916, 917, 934, 935, 936, 939, 940, 941, 945, 946, 947, 950, 951, 952, 956, 966, 970, 974, 975, 976, 977, 978, 979, 983, 984, 985, 986, 994, 995, 998, 999, 1000, 1003, 1009, 1015, 1016, 1017, 1019, 1021, 1022, 1024, 1027, 1028, 1030, 1032, 1033, 1046, 1047, 1049, 1050, 1055, 1056, 1057, 1058, 1067, 1068, 1070, 1071, 1076, 1077, 1084, 1085, 1088, 1089, 1092, 1099, 1100, 1101, 1103, 1104, 1108, 1109, 1123, 1125, 1126, 1128, 1129, 1130, 1132, 1133, 1134], "excluded_lines": [], "start_line": 82}, "": {"executed_lines": [13, 14, 15, 17, 18, 28, 29, 30, 32, 33, 40, 43, 46, 52, 58, 63, 67, 68, 71, 72, 75, 82, 98, 99, 100, 102, 104, 152, 182, 212, 222, 237, 253, 257, 340, 383, 434, 456, 494, 608, 684, 766, 914, 919, 943, 954, 964, 968, 972, 981, 988, 1037, 1060, 1079, 1111], "summary": {"covered_lines": 55, "num_statements": 55, "percent_covered": 100.0, "percent_covered_display": "100", "missing_lines": 0, "excluded_lines": 0, "percent_statements_covered": 100.0, "percent_statements_covered_display": "100"}, "missing_lines": [], "excluded_lines": [], "start_line": 1}}}, "penguincode_cli/agents/debugger.py": {"executed_lines": [13, 15, 17, 61, 64, 102], "summary": {"covered_lines": 6, "num_statements": 10, "percent_covered": 60.0, "percent_covered_display": "60", "missing_lines": 4, "excluded_lines": 0, "percent_statements_covered": 60.0, "percent_statements_covered_display": "60"}, "missing_lines": [80, 81, 96, 114], "excluded_lines": [], "functions": {"DebuggerAgent.__init__": {"executed_lines": [], "summary": {"covered_lines": 0, "num_statements": 3, "percent_covered": 0.0, "percent_covered_display": "0", "missing_lines": 3, "excluded_lines": 0, "percent_statements_covered": 0.0, "percent_statements_covered_display": "0"}, "missing_lines": [80, 81, 96], "excluded_lines": [], "start_line": 64}, "DebuggerAgent.run": {"executed_lines": [], "summary": {"covered_lines": 0, "num_statements": 1, "percent_covered": 0.0, "percent_covered_display": "0", "missing_lines": 1, "excluded_lines": 0, "percent_statements_covered": 0.0, "percent_statements_covered_display": "0"}, "missing_lines": [114], "excluded_lines": [], "start_line": 102}, "": {"executed_lines": [13, 15, 17, 61, 64, 102], "summary": {"covered_lines": 6, "num_statements": 6, "percent_covered": 100.0, "percent_covered_display": "100", "missing_lines": 0, "excluded_lines": 0, "percent_statements_covered": 100.0, "percent_statements_covered_display": "100"}, "missing_lines": [], "excluded_lines": [], "start_line": 1}}, "classes": {"DebuggerAgent": {"executed_lines": [], "summary": {"covered_lines": 0, "num_statements": 4, "percent_covered": 0.0, "percent_covered_display": "0", "missing_lines": 4, "excluded_lines": 0, "percent_statements_covered": 0.0, "percent_statements_covered_display": "0"}, "missing_lines": [80, 81, 96, 114], "excluded_lines": [], "start_line": 61}, "": {"executed_lines": [13, 15, 17, 61, 64, 102], "summary": {"covered_lines": 6, "num_statements": 6, "percent_covered": 100.0, "percent_covered_display": "100", "missing_lines": 0, "excluded_lines": 0, "percent_statements_covered": 100.0, "percent_statements_covered_display": "100"}, "missing_lines": [], "excluded_lines": [], "start_line": 1}}}, "penguincode_cli/agents/docs.py": {"executed_lines": [13, 15, 17, 82, 85, 121], "summary": {"covered_lines": 6, "num_statements": 10, "percent_covered": 60.0, "percent_covered_display": "60", "missing_lines": 4, "excluded_lines": 0, "percent_statements_covered": 60.0, "percent_statements_covered_display": "60"}, "missing_lines": [101, 102, 115, 133], "excluded_lines": [], "functions": {"DocsAgent.__init__": {"executed_lines": [], "summary": {"covered_lines": 0, "num_statements": 3, "percent_covered": 0.0, "percent_covered_display": "0", "missing_lines": 3, "excluded_lines": 0, "percent_statements_covered": 0.0, "percent_statements_covered_display": "0"}, "missing_lines": [101, 102, 115], "excluded_lines": [], "start_line": 85}, "DocsAgent.run": {"executed_lines": [], "summary": {"covered_lines": 0, "num_statements": 1, "percent_covered": 0.0, "percent_covered_display": "0", "missing_lines": 1, "excluded_lines": 0, "percent_statements_covered": 0.0, "percent_statements_covered_display": "0"}, "missing_lines": [133], "excluded_lines": [], "start_line": 121}, "": {"executed_lines": [13, 15, 17, 82, 85, 121], "summary": {"covered_lines": 6, "num_statements": 6, "percent_covered": 100.0, "percent_covered_display": "100", "missing_lines": 0, "excluded_lines": 0, "percent_statements_covered": 100.0, "percent_statements_covered_display": "100"}, "missing_lines": [], "excluded_lines": [], "start_line": 1}}, "classes": {"DocsAgent": {"executed_lines": [], "summary": {"covered_lines": 0, "num_statements": 4, "percent_covered": 0.0, "percent_covered_display": "0", "missing_lines": 4, "excluded_lines": 0, "percent_statements_covered": 0.0, "percent_statements_covered_display": "0"}, "missing_lines": [101, 102, 115, 133], "excluded_lines": [], "start_line": 82}, "": {"executed_lines": [13, 15, 17, 82, 85, 121], "summary": {"covered_lines": 6, "num_statements": 6, "percent_covered": 100.0, "percent_covered_display": "100", "missing_lines": 0, "excluded_lines": 0, "percent_statements_covered": 100.0, "percent_statements_covered_display": "100"}, "missing_lines": [], "excluded_lines": [], "start_line": 1}}}, "penguincode_cli/agents/executor.py": {"executed_lines": [4, 6, 8, 190, 193, 233], "summary": {"covered_lines": 6, "num_statements": 10, "percent_covered": 60.0, "percent_covered_display": "60", "missing_lines": 4, "excluded_lines": 0, "percent_statements_covered": 60.0, "percent_statements_covered_display": "60"}, "missing_lines": [211, 212, 226, 245], "excluded_lines": [], "functions": {"ExecutorAgent.__init__": {"executed_lines": [], "summary": {"covered_lines": 0, "num_statements": 3, "percent_covered": 0.0, "percent_covered_display": "0", "missing_lines": 3, "excluded_lines": 0, "percent_statements_covered": 0.0, "percent_statements_covered_display": "0"}, "missing_lines": [211, 212, 226], "excluded_lines": [], "start_line": 193}, "ExecutorAgent.run": {"executed_lines": [], "summary": {"covered_lines": 0, "num_statements": 1, "percent_covered": 0.0, "percent_covered_display": "0", "missing_lines": 1, "excluded_lines": 0, "percent_statements_covered": 0.0, "percent_statements_covered_display": "0"}, "missing_lines": [245], "excluded_lines": [], "start_line": 233}, "": {"executed_lines": [4, 6, 8, 190, 193, 233], "summary": {"covered_lines": 6, "num_statements": 6, "percent_covered": 100.0, "percent_covered_display": "100", "missing_lines": 0, "excluded_lines": 0, "percent_statements_covered": 100.0, "percent_statements_covered_display": "100"}, "missing_lines": [], "excluded_lines": [], "start_line": 1}}, "classes": {"ExecutorAgent": {"executed_lines": [], "summary": {"covered_lines": 0, "num_statements": 4, "percent_covered": 0.0, "percent_covered_display": "0", "missing_lines": 4, "excluded_lines": 0, "percent_statements_covered": 0.0, "percent_statements_covered_display": "0"}, "missing_lines": [211, 212, 226, 245], "excluded_lines": [], "start_line": 190}, "": {"executed_lines": [4, 6, 8, 190, 193, 233], "summary": {"covered_lines": 6, "num_statements": 6, "percent_covered": 100.0, "percent_covered_display": "100", "missing_lines": 0, "excluded_lines": 0, "percent_statements_covered": 100.0, "percent_statements_covered_display": "100"}, "missing_lines": [], "excluded_lines": [], "start_line": 1}}}, "penguincode_cli/agents/explorer.py": {"executed_lines": [4, 6, 8, 35, 38, 73], "summary": {"covered_lines": 6, "num_statements": 10, "percent_covered": 60.0, "percent_covered_display": "60", "missing_lines": 4, "excluded_lines": 0, "percent_statements_covered": 60.0, "percent_statements_covered_display": "60"}, "missing_lines": [56, 57, 66, 85], "excluded_lines": [], "functions": {"ExplorerAgent.__init__": {"executed_lines": [], "summary": {"covered_lines": 0, "num_statements": 3, "percent_covered": 0.0, "percent_covered_display": "0", "missing_lines": 3, "excluded_lines": 0, "percent_statements_covered": 0.0, "percent_statements_covered_display": "0"}, "missing_lines": [56, 57, 66], "excluded_lines": [], "start_line": 38}, "ExplorerAgent.run": {"executed_lines": [], "summary": {"covered_lines": 0, "num_statements": 1, "percent_covered": 0.0, "percent_covered_display": "0", "missing_lines": 1, "excluded_lines": 0, "percent_statements_covered": 0.0, "percent_statements_covered_display": "0"}, "missing_lines": [85], "excluded_lines": [], "start_line": 73}, "": {"executed_lines": [4, 6, 8, 35, 38, 73], "summary": {"covered_lines": 6, "num_statements": 6, "percent_covered": 100.0, "percent_covered_display": "100", "missing_lines": 0, "excluded_lines": 0, "percent_statements_covered": 100.0, "percent_statements_covered_display": "100"}, "missing_lines": [], "excluded_lines": [], "start_line": 1}}, "classes": {"ExplorerAgent": {"executed_lines": [], "summary": {"covered_lines": 0, "num_statements": 4, "percent_covered": 0.0, "percent_covered_display": "0", "missing_lines": 4, "excluded_lines": 0, "percent_statements_covered": 0.0, "percent_statements_covered_display": "0"}, "missing_lines": [56, 57, 66, 85], "excluded_lines": [], "start_line": 35}, "": {"executed_lines": [4, 6, 8, 35, 38, 73], "summary": {"covered_lines": 6, "num_statements": 6, "percent_covered": 100.0, "percent_covered_display": "100", "missing_lines": 0, "excluded_lines": 0, "percent_statements_covered": 100.0, "percent_statements_covered_display": "100"}, "missing_lines": [], "excluded_lines": [], "start_line": 1}}}, "penguincode_cli/agents/intent.py": {"executed_lines": [3, 6, 83, 245], "summary": {"covered_lines": 4, "num_statements": 121, "percent_covered": 3.3057851239669422, "percent_covered_display": "3", "missing_lines": 117, "excluded_lines": 0, "percent_statements_covered": 3.3057851239669422, "percent_statements_covered_display": "3"}, "missing_lines": [18, 21, 25, 29, 35, 38, 42, 46, 47, 49, 51, 52, 53, 56, 59, 63, 66, 70, 73, 78, 80, 95, 98, 99, 100, 101, 102, 103, 104, 105, 106, 107, 108, 109, 112, 113, 114, 115, 118, 122, 125, 126, 127, 128, 129, 130, 131, 135, 136, 137, 138, 141, 144, 147, 148, 149, 150, 151, 152, 156, 159, 162, 165, 168, 169, 172, 173, 174, 175, 176, 179, 182, 183, 186, 189, 190, 191, 195, 196, 197, 198, 199, 202, 203, 204, 205, 206, 207, 208, 209, 212, 216, 217, 218, 219, 220, 221, 222, 223, 224, 227, 230, 231, 234, 235, 236, 237, 240, 242, 251, 254, 260, 261, 264, 273, 274, 277], "excluded_lines": [], "functions": {"detect_user_intent": {"executed_lines": [], "summary": {"covered_lines": 0, "num_statements": 21, "percent_covered": 0.0, "percent_covered_display": "0", "missing_lines": 21, "excluded_lines": 0, "percent_statements_covered": 0.0, "percent_statements_covered_display": "0"}, "missing_lines": [18, 21, 25, 29, 35, 38, 42, 46, 47, 49, 51, 52, 53, 56, 59, 63, 66, 70, 73, 78, 80], "excluded_lines": [], "start_line": 6}, "suggest_skill": {"executed_lines": [], "summary": {"covered_lines": 0, "num_statements": 88, "percent_covered": 0.0, "percent_covered_display": "0", "missing_lines": 88, "excluded_lines": 0, "percent_statements_covered": 0.0, "percent_statements_covered_display": "0"}, "missing_lines": [95, 98, 99, 100, 101, 102, 103, 104, 105, 106, 107, 108, 109, 112, 113, 114, 115, 118, 122, 125, 126, 127, 128, 129, 130, 131, 135, 136, 137, 138, 141, 144, 147, 148, 149, 150, 151, 152, 156, 159, 162, 165, 168, 169, 172, 173, 174, 175, 176, 179, 182, 183, 186, 189, 190, 191, 195, 196, 197, 198, 199, 202, 203, 204, 205, 206, 207, 208, 209, 212, 216, 217, 218, 219, 220, 221, 222, 223, 224, 227, 230, 231, 234, 235, 236, 237, 240, 242], "excluded_lines": [], "start_line": 83}, "estimate_complexity": {"executed_lines": [], "summary": {"covered_lines": 0, "num_statements": 8, "percent_covered": 0.0, "percent_covered_display": "0", "missing_lines": 8, "excluded_lines": 0, "percent_statements_covered": 0.0, "percent_statements_covered_display": "0"}, "missing_lines": [251, 254, 260, 261, 264, 273, 274, 277], "excluded_lines": [], "start_line": 245}, "": {"executed_lines": [3, 6, 83, 245], "summary": {"covered_lines": 4, "num_statements": 4, "percent_covered": 100.0, "percent_covered_display": "100", "missing_lines": 0, "excluded_lines": 0, "percent_statements_covered": 100.0, "percent_statements_covered_display": "100"}, "missing_lines": [], "excluded_lines": [], "start_line": 1}}, "classes": {"": {"executed_lines": [3, 6, 83, 245], "summary": {"covered_lines": 4, "num_statements": 121, "percent_covered": 3.3057851239669422, "percent_covered_display": "3", "missing_lines": 117, "excluded_lines": 0, "percent_statements_covered": 3.3057851239669422, "percent_statements_covered_display": "3"}, "missing_lines": [18, 21, 25, 29, 35, 38, 42, 46, 47, 49, 51, 52, 53, 56, 59, 63, 66, 70, 73, 78, 80, 95, 98, 99, 100, 101, 102, 103, 104, 105, 106, 107, 108, 109, 112, 113, 114, 115, 118, 122, 125, 126, 127, 128, 129, 130, 131, 135, 136, 137, 138, 141, 144, 147, 148, 149, 150, 151, 152, 156, 159, 162, 165, 168, 169, 172, 173, 174, 175, 176, 179, 182, 183, 186, 189, 190, 191, 195, 196, 197, 198, 199, 202, 203, 204, 205, 206, 207, 208, 209, 212, 216, 217, 218, 219, 220, 221, 222, 223, 224, 227, 230, 231, 234, 235, 236, 237, 240, 242, 251, 254, 260, 261, 264, 273, 274, 277], "excluded_lines": [], "start_line": 1}}}, "penguincode_cli/agents/planner.py": {"executed_lines": [10, 11, 12, 14, 15, 17, 19, 56, 57, 59, 60, 61, 62, 63, 66, 67, 69, 70, 71, 72, 73, 74, 75, 76, 77, 78, 81, 84, 100, 139, 189, 226, 233, 234, 278, 305, 333, 366, 367, 466], "summary": {"covered_lines": 40, "num_statements": 238, "percent_covered": 16.80672268907563, "percent_covered_display": "17", "missing_lines": 198, "excluded_lines": 1, "percent_statements_covered": 16.80672268907563, "percent_statements_covered_display": "17"}, "missing_lines": [89, 90, 91, 111, 113, 117, 118, 123, 126, 127, 132, 133, 136, 137, 141, 143, 144, 145, 146, 148, 150, 151, 153, 154, 155, 156, 157, 158, 159, 160, 161, 162, 163, 164, 165, 166, 167, 168, 169, 170, 171, 172, 173, 178, 179, 181, 192, 195, 196, 199, 200, 203, 204, 205, 206, 207, 210, 211, 212, 213, 214, 216, 217, 219, 228, 230, 231, 245, 246, 248, 249, 250, 253, 254, 255, 256, 257, 260, 264, 265, 267, 269, 270, 271, 273, 274, 276, 289, 291, 292, 293, 294, 296, 297, 299, 300, 302, 303, 314, 315, 316, 317, 320, 321, 322, 323, 324, 326, 329, 330, 331, 335, 337, 338, 340, 354, 355, 356, 358, 359, 360, 361, 363, 364, 377, 379, 380, 382, 383, 385, 386, 387, 388, 389, 390, 391, 392, 393, 395, 396, 399, 400, 401, 402, 403, 404, 405, 406, 407, 408, 409, 410, 411, 412, 413, 414, 415, 416, 417, 418, 419, 420, 421, 422, 423, 424, 425, 427, 430, 431, 432, 433, 434, 435, 436, 437, 444, 445, 446, 447, 449, 450, 452, 464, 468, 469, 470, 473, 478, 479, 480, 482, 483, 484, 486, 488, 493, 494], "excluded_lines": [21], "functions": {"PlannerAgent.__init__": {"executed_lines": [], "summary": {"covered_lines": 0, "num_statements": 3, "percent_covered": 0.0, "percent_covered_display": "0", "missing_lines": 3, "excluded_lines": 0, "percent_statements_covered": 0.0, "percent_statements_covered_display": "0"}, "missing_lines": [89, 90, 91], "excluded_lines": [], "start_line": 84}, "PlannerAgent.create_plan": {"executed_lines": [], "summary": {"covered_lines": 0, "num_statements": 11, "percent_covered": 0.0, "percent_covered_display": "0", "missing_lines": 11, "excluded_lines": 0, "percent_statements_covered": 0.0, "percent_statements_covered_display": "0"}, "missing_lines": [111, 113, 117, 118, 123, 126, 127, 132, 133, 136, 137], "excluded_lines": [], "start_line": 100}, "PlannerAgent._parse_plan": {"executed_lines": [], "summary": {"covered_lines": 0, "num_statements": 32, "percent_covered": 0.0, "percent_covered_display": "0", "missing_lines": 32, "excluded_lines": 0, "percent_statements_covered": 0.0, "percent_statements_covered_display": "0"}, "missing_lines": [141, 143, 144, 145, 146, 148, 150, 151, 153, 154, 155, 156, 157, 158, 159, 160, 161, 162, 163, 164, 165, 166, 167, 168, 169, 170, 171, 172, 173, 178, 179, 181], "excluded_lines": [], "start_line": 139}, "PlannerAgent._parse_step": {"executed_lines": [], "summary": {"covered_lines": 0, "num_statements": 18, "percent_covered": 0.0, "percent_covered_display": "0", "missing_lines": 18, "excluded_lines": 0, "percent_statements_covered": 0.0, "percent_statements_covered_display": "0"}, "missing_lines": [192, 195, 196, 199, 200, 203, 204, 205, 206, 207, 210, 211, 212, 213, 214, 216, 217, 219], "excluded_lines": [], "start_line": 189}, "PlannerAgent._parse_parallel_group": {"executed_lines": [], "summary": {"covered_lines": 0, "num_statements": 3, "percent_covered": 0.0, "percent_covered_display": "0", "missing_lines": 3, "excluded_lines": 0, "percent_statements_covered": 0.0, "percent_statements_covered_display": "0"}, "missing_lines": [228, 230, 231], "excluded_lines": [], "start_line": 226}, "PlannerAgent._auto_group_steps": {"executed_lines": [], "summary": {"covered_lines": 0, "num_statements": 20, "percent_covered": 0.0, "percent_covered_display": "0", "missing_lines": 20, "excluded_lines": 0, "percent_statements_covered": 0.0, "percent_statements_covered_display": "0"}, "missing_lines": [245, 246, 248, 249, 250, 253, 254, 255, 256, 257, 260, 264, 265, 267, 269, 270, 271, 273, 274, 276], "excluded_lines": [], "start_line": 234}, "PlannerAgent.save_plan": {"executed_lines": [], "summary": {"covered_lines": 0, "num_statements": 11, "percent_covered": 0.0, "percent_covered_display": "0", "missing_lines": 11, "excluded_lines": 0, "percent_statements_covered": 0.0, "percent_statements_covered_display": "0"}, "missing_lines": [289, 291, 292, 293, 294, 296, 297, 299, 300, 302, 303], "excluded_lines": [], "start_line": 278}, "PlannerAgent.update_plan_step": {"executed_lines": [], "summary": {"covered_lines": 0, "num_statements": 13, "percent_covered": 0.0, "percent_covered_display": "0", "missing_lines": 13, "excluded_lines": 0, "percent_statements_covered": 0.0, "percent_statements_covered_display": "0"}, "missing_lines": [314, 315, 316, 317, 320, 321, 322, 323, 324, 326, 329, 330, 331], "excluded_lines": [], "start_line": 305}, "PlannerAgent._render_plan_file": {"executed_lines": [], "summary": {"covered_lines": 0, "num_statements": 13, "percent_covered": 0.0, "percent_covered_display": "0", "missing_lines": 13, "excluded_lines": 0, "percent_statements_covered": 0.0, "percent_statements_covered_display": "0"}, "missing_lines": [335, 337, 338, 340, 354, 355, 356, 358, 359, 360, 361, 363, 364], "excluded_lines": [], "start_line": 333}, "PlannerAgent.load_plan": {"executed_lines": [], "summary": {"covered_lines": 0, "num_statements": 60, "percent_covered": 0.0, "percent_covered_display": "0", "missing_lines": 60, "excluded_lines": 0, "percent_statements_covered": 0.0, "percent_statements_covered_display": "0"}, "missing_lines": [377, 379, 380, 382, 383, 385, 386, 387, 388, 389, 390, 391, 392, 393, 395, 396, 399, 400, 401, 402, 403, 404, 405, 406, 407, 408, 409, 410, 411, 412, 413, 414, 415, 416, 417, 418, 419, 420, 421, 422, 423, 424, 425, 427, 430, 431, 432, 433, 434, 435, 436, 437, 444, 445, 446, 447, 449, 450, 452, 464], "excluded_lines": [], "start_line": 367}, "PlannerAgent.run": {"executed_lines": [], "summary": {"covered_lines": 0, "num_statements": 14, "percent_covered": 0.0, "percent_covered_display": "0", "missing_lines": 14, "excluded_lines": 0, "percent_statements_covered": 0.0, "percent_statements_covered_display": "0"}, "missing_lines": [468, 469, 470, 473, 478, 479, 480, 482, 483, 484, 486, 488, 493, 494], "excluded_lines": [], "start_line": 466}, "": {"executed_lines": [10, 11, 12, 14, 15, 17, 19, 56, 57, 59, 60, 61, 62, 63, 66, 67, 69, 70, 71, 72, 73, 74, 75, 76, 77, 78, 81, 84, 100, 139, 189, 226, 233, 234, 278, 305, 333, 366, 367, 466], "summary": {"covered_lines": 40, "num_statements": 40, "percent_covered": 100.0, "percent_covered_display": "100", "missing_lines": 0, "excluded_lines": 1, "percent_statements_covered": 100.0, "percent_statements_covered_display": "100"}, "missing_lines": [], "excluded_lines": [21], "start_line": 1}}, "classes": {"PlanStep": {"executed_lines": [], "summary": {"covered_lines": 0, "num_statements": 0, "percent_covered": 100.0, "percent_covered_display": "100", "missing_lines": 0, "excluded_lines": 0, "percent_statements_covered": 100.0, "percent_statements_covered_display": "100"}, "missing_lines": [], "excluded_lines": [], "start_line": 57}, "Plan": {"executed_lines": [], "summary": {"covered_lines": 0, "num_statements": 0, "percent_covered": 100.0, "percent_covered_display": "100", "missing_lines": 0, "excluded_lines": 0, "percent_statements_covered": 100.0, "percent_statements_covered_display": "100"}, "missing_lines": [], "excluded_lines": [], "start_line": 67}, "PlannerAgent": {"executed_lines": [], "summary": {"covered_lines": 0, "num_statements": 198, "percent_covered": 0.0, "percent_covered_display": "0", "missing_lines": 198, "excluded_lines": 0, "percent_statements_covered": 0.0, "percent_statements_covered_display": "0"}, "missing_lines": [89, 90, 91, 111, 113, 117, 118, 123, 126, 127, 132, 133, 136, 137, 141, 143, 144, 145, 146, 148, 150, 151, 153, 154, 155, 156, 157, 158, 159, 160, 161, 162, 163, 164, 165, 166, 167, 168, 169, 170, 171, 172, 173, 178, 179, 181, 192, 195, 196, 199, 200, 203, 204, 205, 206, 207, 210, 211, 212, 213, 214, 216, 217, 219, 228, 230, 231, 245, 246, 248, 249, 250, 253, 254, 255, 256, 257, 260, 264, 265, 267, 269, 270, 271, 273, 274, 276, 289, 291, 292, 293, 294, 296, 297, 299, 300, 302, 303, 314, 315, 316, 317, 320, 321, 322, 323, 324, 326, 329, 330, 331, 335, 337, 338, 340, 354, 355, 356, 358, 359, 360, 361, 363, 364, 377, 379, 380, 382, 383, 385, 386, 387, 388, 389, 390, 391, 392, 393, 395, 396, 399, 400, 401, 402, 403, 404, 405, 406, 407, 408, 409, 410, 411, 412, 413, 414, 415, 416, 417, 418, 419, 420, 421, 422, 423, 424, 425, 427, 430, 431, 432, 433, 434, 435, 436, 437, 444, 445, 446, 447, 449, 450, 452, 464, 468, 469, 470, 473, 478, 479, 480, 482, 483, 484, 486, 488, 493, 494], "excluded_lines": [], "start_line": 81}, "": {"executed_lines": [10, 11, 12, 14, 15, 17, 19, 56, 57, 59, 60, 61, 62, 63, 66, 67, 69, 70, 71, 72, 73, 74, 75, 76, 77, 78, 81, 84, 100, 139, 189, 226, 233, 234, 278, 305, 333, 366, 367, 466], "summary": {"covered_lines": 40, "num_statements": 40, "percent_covered": 100.0, "percent_covered_display": "100", "missing_lines": 0, "excluded_lines": 1, "percent_statements_covered": 100.0, "percent_statements_covered_display": "100"}, "missing_lines": [], "excluded_lines": [21], "start_line": 1}}}, "penguincode_cli/agents/prompts.py": {"executed_lines": [4, 59, 85, 105], "summary": {"covered_lines": 4, "num_statements": 4, "percent_covered": 100.0, "percent_covered_display": "100", "missing_lines": 0, "excluded_lines": 0, "percent_statements_covered": 100.0, "percent_statements_covered_display": "100"}, "missing_lines": [], "excluded_lines": [], "functions": {"": {"executed_lines": [4, 59, 85, 105], "summary": {"covered_lines": 4, "num_statements": 4, "percent_covered": 100.0, "percent_covered_display": "100", "missing_lines": 0, "excluded_lines": 0, "percent_statements_covered": 100.0, "percent_statements_covered_display": "100"}, "missing_lines": [], "excluded_lines": [], "start_line": 1}}, "classes": {"": {"executed_lines": [4, 59, 85, 105], "summary": {"covered_lines": 4, "num_statements": 4, "percent_covered": 100.0, "percent_covered_display": "100", "missing_lines": 0, "excluded_lines": 0, "percent_statements_covered": 100.0, "percent_statements_covered_display": "100"}, "missing_lines": [], "excluded_lines": [], "start_line": 1}}}, "penguincode_cli/agents/refactor.py": {"executed_lines": [13, 15, 17, 59, 62, 98], "summary": {"covered_lines": 6, "num_statements": 10, "percent_covered": 60.0, "percent_covered_display": "60", "missing_lines": 4, "excluded_lines": 0, "percent_statements_covered": 60.0, "percent_statements_covered_display": "60"}, "missing_lines": [78, 79, 92, 110], "excluded_lines": [], "functions": {"RefactorAgent.__init__": {"executed_lines": [], "summary": {"covered_lines": 0, "num_statements": 3, "percent_covered": 0.0, "percent_covered_display": "0", "missing_lines": 3, "excluded_lines": 0, "percent_statements_covered": 0.0, "percent_statements_covered_display": "0"}, "missing_lines": [78, 79, 92], "excluded_lines": [], "start_line": 62}, "RefactorAgent.run": {"executed_lines": [], "summary": {"covered_lines": 0, "num_statements": 1, "percent_covered": 0.0, "percent_covered_display": "0", "missing_lines": 1, "excluded_lines": 0, "percent_statements_covered": 0.0, "percent_statements_covered_display": "0"}, "missing_lines": [110], "excluded_lines": [], "start_line": 98}, "": {"executed_lines": [13, 15, 17, 59, 62, 98], "summary": {"covered_lines": 6, "num_statements": 6, "percent_covered": 100.0, "percent_covered_display": "100", "missing_lines": 0, "excluded_lines": 0, "percent_statements_covered": 100.0, "percent_statements_covered_display": "100"}, "missing_lines": [], "excluded_lines": [], "start_line": 1}}, "classes": {"RefactorAgent": {"executed_lines": [], "summary": {"covered_lines": 0, "num_statements": 4, "percent_covered": 0.0, "percent_covered_display": "0", "missing_lines": 4, "excluded_lines": 0, "percent_statements_covered": 0.0, "percent_statements_covered_display": "0"}, "missing_lines": [78, 79, 92, 110], "excluded_lines": [], "start_line": 59}, "": {"executed_lines": [13, 15, 17, 59, 62, 98], "summary": {"covered_lines": 6, "num_statements": 6, "percent_covered": 100.0, "percent_covered_display": "100", "missing_lines": 0, "excluded_lines": 0, "percent_statements_covered": 100.0, "percent_statements_covered_display": "100"}, "missing_lines": [], "excluded_lines": [], "start_line": 1}}}, "penguincode_cli/agents/researcher.py": {"executed_lines": [13, 14, 15, 16, 18, 20, 56, 98, 101, 151, 170, 212, 253, 292, 311, 328], "summary": {"covered_lines": 16, "num_statements": 93, "percent_covered": 17.204301075268816, "percent_covered_display": "17", "missing_lines": 77, "excluded_lines": 0, "percent_statements_covered": 17.204301075268816, "percent_statements_covered_display": "17"}, "missing_lines": [121, 122, 131, 139, 140, 141, 144, 145, 148, 149, 162, 163, 164, 165, 168, 176, 177, 179, 180, 187, 188, 189, 190, 191, 192, 193, 195, 205, 206, 214, 215, 217, 218, 224, 225, 232, 233, 234, 236, 246, 247, 259, 260, 261, 264, 270, 272, 273, 274, 275, 278, 283, 284, 285, 286, 287, 290, 294, 297, 298, 299, 303, 304, 305, 306, 307, 309, 313, 316, 318, 319, 320, 322, 323, 324, 326, 340], "excluded_lines": [], "functions": {"ResearcherAgent.__init__": {"executed_lines": [], "summary": {"covered_lines": 0, "num_statements": 10, "percent_covered": 0.0, "percent_covered_display": "0", "missing_lines": 10, "excluded_lines": 0, "percent_statements_covered": 0.0, "percent_statements_covered_display": "0"}, "missing_lines": [121, 122, 131, 139, 140, 141, 144, 145, 148, 149], "excluded_lines": [], "start_line": 101}, "ResearcherAgent.execute_tool": {"executed_lines": [], "summary": {"covered_lines": 0, "num_statements": 5, "percent_covered": 0.0, "percent_covered_display": "0", "missing_lines": 5, "excluded_lines": 0, "percent_statements_covered": 0.0, "percent_statements_covered_display": "0"}, "missing_lines": [162, 163, 164, 165, 168], "excluded_lines": [], "start_line": 151}, "ResearcherAgent._execute_web_search": {"executed_lines": [], "summary": {"covered_lines": 0, "num_statements": 14, "percent_covered": 0.0, "percent_covered_display": "0", "missing_lines": 14, "excluded_lines": 0, "percent_statements_covered": 0.0, "percent_statements_covered_display": "0"}, "missing_lines": [176, 177, 179, 180, 187, 188, 189, 190, 191, 192, 193, 195, 205, 206], "excluded_lines": [], "start_line": 170}, "ResearcherAgent._execute_web_fetch": {"executed_lines": [], "summary": {"covered_lines": 0, "num_statements": 12, "percent_covered": 0.0, "percent_covered_display": "0", "missing_lines": 12, "excluded_lines": 0, "percent_statements_covered": 0.0, "percent_statements_covered_display": "0"}, "missing_lines": [214, 215, 217, 218, 224, 225, 232, 233, 234, 236, 246, 247], "excluded_lines": [], "start_line": 212}, "ResearcherAgent._detect_tool_intent": {"executed_lines": [], "summary": {"covered_lines": 0, "num_statements": 16, "percent_covered": 0.0, "percent_covered_display": "0", "missing_lines": 16, "excluded_lines": 0, "percent_statements_covered": 0.0, "percent_statements_covered_display": "0"}, "missing_lines": [259, 260, 261, 264, 270, 272, 273, 274, 275, 278, 283, 284, 285, 286, 287, 290], "excluded_lines": [], "start_line": 253}, "ResearcherAgent._extract_search_query": {"executed_lines": [], "summary": {"covered_lines": 0, "num_statements": 10, "percent_covered": 0.0, "percent_covered_display": "0", "missing_lines": 10, "excluded_lines": 0, "percent_statements_covered": 0.0, "percent_statements_covered_display": "0"}, "missing_lines": [294, 297, 298, 299, 303, 304, 305, 306, 307, 309], "excluded_lines": [], "start_line": 292}, "ResearcherAgent._extract_url": {"executed_lines": [], "summary": {"covered_lines": 0, "num_statements": 9, "percent_covered": 0.0, "percent_covered_display": "0", "missing_lines": 9, "excluded_lines": 0, "percent_statements_covered": 0.0, "percent_statements_covered_display": "0"}, "missing_lines": [313, 316, 318, 319, 320, 322, 323, 324, 326], "excluded_lines": [], "start_line": 311}, "ResearcherAgent.run": {"executed_lines": [], "summary": {"covered_lines": 0, "num_statements": 1, "percent_covered": 0.0, "percent_covered_display": "0", "missing_lines": 1, "excluded_lines": 0, "percent_statements_covered": 0.0, "percent_statements_covered_display": "0"}, "missing_lines": [340], "excluded_lines": [], "start_line": 328}, "": {"executed_lines": [13, 14, 15, 16, 18, 20, 56, 98, 101, 151, 170, 212, 253, 292, 311, 328], "summary": {"covered_lines": 16, "num_statements": 16, "percent_covered": 100.0, "percent_covered_display": "100", "missing_lines": 0, "excluded_lines": 0, "percent_statements_covered": 100.0, "percent_statements_covered_display": "100"}, "missing_lines": [], "excluded_lines": [], "start_line": 1}}, "classes": {"ResearcherAgent": {"executed_lines": [], "summary": {"covered_lines": 0, "num_statements": 77, "percent_covered": 0.0, "percent_covered_display": "0", "missing_lines": 77, "excluded_lines": 0, "percent_statements_covered": 0.0, "percent_statements_covered_display": "0"}, "missing_lines": [121, 122, 131, 139, 140, 141, 144, 145, 148, 149, 162, 163, 164, 165, 168, 176, 177, 179, 180, 187, 188, 189, 190, 191, 192, 193, 195, 205, 206, 214, 215, 217, 218, 224, 225, 232, 233, 234, 236, 246, 247, 259, 260, 261, 264, 270, 272, 273, 274, 275, 278, 283, 284, 285, 286, 287, 290, 294, 297, 298, 299, 303, 304, 305, 306, 307, 309, 313, 316, 318, 319, 320, 322, 323, 324, 326, 340], "excluded_lines": [], "start_line": 98}, "": {"executed_lines": [13, 14, 15, 16, 18, 20, 56, 98, 101, 151, 170, 212, 253, 292, 311, 328], "summary": {"covered_lines": 16, "num_statements": 16, "percent_covered": 100.0, "percent_covered_display": "100", "missing_lines": 0, "excluded_lines": 0, "percent_statements_covered": 100.0, "percent_statements_covered_display": "100"}, "missing_lines": [], "excluded_lines": [], "start_line": 1}}}, "penguincode_cli/agents/reviewer.py": {"executed_lines": [13, 15, 17, 51, 54, 86], "summary": {"covered_lines": 6, "num_statements": 10, "percent_covered": 60.0, "percent_covered_display": "60", "missing_lines": 4, "excluded_lines": 0, "percent_statements_covered": 60.0, "percent_statements_covered_display": "60"}, "missing_lines": [70, 71, 80, 98], "excluded_lines": [], "functions": {"ReviewerAgent.__init__": {"executed_lines": [], "summary": {"covered_lines": 0, "num_statements": 3, "percent_covered": 0.0, "percent_covered_display": "0", "missing_lines": 3, "excluded_lines": 0, "percent_statements_covered": 0.0, "percent_statements_covered_display": "0"}, "missing_lines": [70, 71, 80], "excluded_lines": [], "start_line": 54}, "ReviewerAgent.run": {"executed_lines": [], "summary": {"covered_lines": 0, "num_statements": 1, "percent_covered": 0.0, "percent_covered_display": "0", "missing_lines": 1, "excluded_lines": 0, "percent_statements_covered": 0.0, "percent_statements_covered_display": "0"}, "missing_lines": [98], "excluded_lines": [], "start_line": 86}, "": {"executed_lines": [13, 15, 17, 51, 54, 86], "summary": {"covered_lines": 6, "num_statements": 6, "percent_covered": 100.0, "percent_covered_display": "100", "missing_lines": 0, "excluded_lines": 0, "percent_statements_covered": 100.0, "percent_statements_covered_display": "100"}, "missing_lines": [], "excluded_lines": [], "start_line": 1}}, "classes": {"ReviewerAgent": {"executed_lines": [], "summary": {"covered_lines": 0, "num_statements": 4, "percent_covered": 0.0, "percent_covered_display": "0", "missing_lines": 4, "excluded_lines": 0, "percent_statements_covered": 0.0, "percent_statements_covered_display": "0"}, "missing_lines": [70, 71, 80, 98], "excluded_lines": [], "start_line": 51}, "": {"executed_lines": [13, 15, 17, 51, 54, 86], "summary": {"covered_lines": 6, "num_statements": 6, "percent_covered": 100.0, "percent_covered_display": "100", "missing_lines": 0, "excluded_lines": 0, "percent_statements_covered": 100.0, "percent_statements_covered_display": "100"}, "missing_lines": [], "excluded_lines": [], "start_line": 1}}}, "penguincode_cli/agents/tester.py": {"executed_lines": [13, 15, 17, 55, 58, 95], "summary": {"covered_lines": 6, "num_statements": 10, "percent_covered": 60.0, "percent_covered_display": "60", "missing_lines": 4, "excluded_lines": 0, "percent_statements_covered": 60.0, "percent_statements_covered_display": "60"}, "missing_lines": [74, 75, 89, 107], "excluded_lines": [], "functions": {"TesterAgent.__init__": {"executed_lines": [], "summary": {"covered_lines": 0, "num_statements": 3, "percent_covered": 0.0, "percent_covered_display": "0", "missing_lines": 3, "excluded_lines": 0, "percent_statements_covered": 0.0, "percent_statements_covered_display": "0"}, "missing_lines": [74, 75, 89], "excluded_lines": [], "start_line": 58}, "TesterAgent.run": {"executed_lines": [], "summary": {"covered_lines": 0, "num_statements": 1, "percent_covered": 0.0, "percent_covered_display": "0", "missing_lines": 1, "excluded_lines": 0, "percent_statements_covered": 0.0, "percent_statements_covered_display": "0"}, "missing_lines": [107], "excluded_lines": [], "start_line": 95}, "": {"executed_lines": [13, 15, 17, 55, 58, 95], "summary": {"covered_lines": 6, "num_statements": 6, "percent_covered": 100.0, "percent_covered_display": "100", "missing_lines": 0, "excluded_lines": 0, "percent_statements_covered": 100.0, "percent_statements_covered_display": "100"}, "missing_lines": [], "excluded_lines": [], "start_line": 1}}, "classes": {"TesterAgent": {"executed_lines": [], "summary": {"covered_lines": 0, "num_statements": 4, "percent_covered": 0.0, "percent_covered_display": "0", "missing_lines": 4, "excluded_lines": 0, "percent_statements_covered": 0.0, "percent_statements_covered_display": "0"}, "missing_lines": [74, 75, 89, 107], "excluded_lines": [], "start_line": 55}, "": {"executed_lines": [13, 15, 17, 55, 58, 95], "summary": {"covered_lines": 6, "num_statements": 6, "percent_covered": 100.0, "percent_covered_display": "100", "missing_lines": 0, "excluded_lines": 0, "percent_statements_covered": 100.0, "percent_statements_covered_display": "100"}, "missing_lines": [], "excluded_lines": [], "start_line": 1}}}, "penguincode_cli/agents/tool_defs.py": {"executed_lines": [4], "summary": {"covered_lines": 1, "num_statements": 1, "percent_covered": 100.0, "percent_covered_display": "100", "missing_lines": 0, "excluded_lines": 0, "percent_statements_covered": 100.0, "percent_statements_covered_display": "100"}, "missing_lines": [], "excluded_lines": [], "functions": {"": {"executed_lines": [4], "summary": {"covered_lines": 1, "num_statements": 1, "percent_covered": 100.0, "percent_covered_display": "100", "missing_lines": 0, "excluded_lines": 0, "percent_statements_covered": 100.0, "percent_statements_covered_display": "100"}, "missing_lines": [], "excluded_lines": [], "start_line": 1}}, "classes": {"": {"executed_lines": [4], "summary": {"covered_lines": 1, "num_statements": 1, "percent_covered": 100.0, "percent_covered_display": "100", "missing_lines": 0, "excluded_lines": 0, "percent_statements_covered": 100.0, "percent_statements_covered_display": "100"}, "missing_lines": [], "excluded_lines": [], "start_line": 1}}}, "penguincode_cli/client/__init__.py": {"executed_lines": [7, 8, 9, 11], "summary": {"covered_lines": 4, "num_statements": 4, "percent_covered": 100.0, "percent_covered_display": "100", "missing_lines": 0, "excluded_lines": 0, "percent_statements_covered": 100.0, "percent_statements_covered_display": "100"}, "missing_lines": [], "excluded_lines": [], "functions": {"": {"executed_lines": [7, 8, 9, 11], "summary": {"covered_lines": 4, "num_statements": 4, "percent_covered": 100.0, "percent_covered_display": "100", "missing_lines": 0, "excluded_lines": 0, "percent_statements_covered": 100.0, "percent_statements_covered_display": "100"}, "missing_lines": [], "excluded_lines": [], "start_line": 1}}, "classes": {"": {"executed_lines": [7, 8, 9, 11], "summary": {"covered_lines": 4, "num_statements": 4, "percent_covered": 100.0, "percent_covered_display": "100", "missing_lines": 0, "excluded_lines": 0, "percent_statements_covered": 100.0, "percent_statements_covered_display": "100"}, "missing_lines": [], "excluded_lines": [], "start_line": 1}}}, "penguincode_cli/client/auth.py": {"executed_lines": [3, 4, 5, 6, 8, 11, 18, 27, 41, 61, 79, 93, 97, 101, 111, 117, 125, 129, 133], "summary": {"covered_lines": 19, "num_statements": 61, "percent_covered": 31.147540983606557, "percent_covered_display": "31", "missing_lines": 42, "excluded_lines": 0, "percent_statements_covered": 31.147540983606557, "percent_statements_covered_display": "31"}, "missing_lines": [19, 20, 21, 22, 25, 29, 30, 32, 33, 34, 35, 36, 37, 38, 39, 43, 45, 48, 49, 56, 58, 59, 74, 75, 76, 77, 84, 85, 88, 89, 91, 95, 99, 103, 104, 105, 107, 108, 123, 127, 131, 135], "excluded_lines": [], "functions": {"TokenManager.__init__": {"executed_lines": [], "summary": {"covered_lines": 0, "num_statements": 5, "percent_covered": 0.0, "percent_covered_display": "0", "missing_lines": 5, "excluded_lines": 0, "percent_statements_covered": 0.0, "percent_statements_covered_display": "0"}, "missing_lines": [19, 20, 21, 22, 25], "excluded_lines": [], "start_line": 18}, "TokenManager._load_token": {"executed_lines": [], "summary": {"covered_lines": 0, "num_statements": 10, "percent_covered": 0.0, "percent_covered_display": "0", "missing_lines": 10, "excluded_lines": 0, "percent_statements_covered": 0.0, "percent_statements_covered_display": "0"}, "missing_lines": [29, 30, 32, 33, 34, 35, 36, 37, 38, 39], "excluded_lines": [], "start_line": 27}, "TokenManager._save_token": {"executed_lines": [], "summary": {"covered_lines": 0, "num_statements": 7, "percent_covered": 0.0, "percent_covered_display": "0", "missing_lines": 7, "excluded_lines": 0, "percent_statements_covered": 0.0, "percent_statements_covered_display": "0"}, "missing_lines": [43, 45, 48, 49, 56, 58, 59], "excluded_lines": [], "start_line": 41}, "TokenManager.store_token": {"executed_lines": [], "summary": {"covered_lines": 0, "num_statements": 4, "percent_covered": 0.0, "percent_covered_display": "0", "missing_lines": 4, "excluded_lines": 0, "percent_statements_covered": 0.0, "percent_statements_covered_display": "0"}, "missing_lines": [74, 75, 76, 77], "excluded_lines": [], "start_line": 61}, "TokenManager.get_token": {"executed_lines": [], "summary": {"covered_lines": 0, "num_statements": 5, "percent_covered": 0.0, "percent_covered_display": "0", "missing_lines": 5, "excluded_lines": 0, "percent_statements_covered": 0.0, "percent_statements_covered_display": "0"}, "missing_lines": [84, 85, 88, 89, 91], "excluded_lines": [], "start_line": 79}, "TokenManager.get_refresh_token": {"executed_lines": [], "summary": {"covered_lines": 0, "num_statements": 1, "percent_covered": 0.0, "percent_covered_display": "0", "missing_lines": 1, "excluded_lines": 0, "percent_statements_covered": 0.0, "percent_statements_covered_display": "0"}, "missing_lines": [95], "excluded_lines": [], "start_line": 93}, "TokenManager.is_expired": {"executed_lines": [], "summary": {"covered_lines": 0, "num_statements": 1, "percent_covered": 0.0, "percent_covered_display": "0", "missing_lines": 1, "excluded_lines": 0, "percent_statements_covered": 0.0, "percent_statements_covered_display": "0"}, "missing_lines": [99], "excluded_lines": [], "start_line": 97}, "TokenManager.clear": {"executed_lines": [], "summary": {"covered_lines": 0, "num_statements": 5, "percent_covered": 0.0, "per
[...]
play": "100", "missing_lines": 0, "excluded_lines": 0, "percent_statements_covered": 100.0, "percent_statements_covered_display": "100"}, "missing_lines": [], "excluded_lines": [], "start_line": 1}}, "classes": {"MCPToolManager": {"executed_lines": [], "summary": {"covered_lines": 0, "num_statements": 52, "percent_covered": 0.0, "percent_covered_display": "0", "missing_lines": 52, "excluded_lines": 0, "percent_statements_covered": 0.0, "percent_statements_covered_display": "0"}, "missing_lines": [60, 61, 62, 63, 64, 72, 73, 74, 75, 85, 86, 87, 88, 89, 93, 94, 95, 96, 97, 98, 99, 100, 101, 109, 110, 112, 113, 115, 116, 117, 119, 120, 121, 122, 123, 128, 129, 140, 143, 144, 145, 147, 149, 150, 152, 153, 159, 160, 162, 167, 168, 174], "excluded_lines": [], "start_line": 49}, "": {"executed_lines": [3, 4, 5, 7, 9, 10, 12, 15, 49, 59, 70, 77, 91, 107, 135, 164, 165], "summary": {"covered_lines": 17, "num_statements": 20, "percent_covered": 85.0, "percent_covered_display": "85", "missing_lines": 3, "excluded_lines": 0, "percent_statements_covered": 85.0, "percent_statements_covered_display": "85"}, "missing_lines": [33, 34, 35], "excluded_lines": [], "start_line": 1}}}, "penguincode_cli/tools/mcp/wrapper.py": {"executed_lines": [3, 5, 8, 17, 38, 55, 56], "summary": {"covered_lines": 7, "num_statements": 31, "percent_covered": 22.580645161290324, "percent_covered_display": "23", "missing_lines": 24, "excluded_lines": 0, "percent_statements_covered": 22.580645161290324, "percent_statements_covered_display": "23"}, "missing_lines": [32, 33, 34, 35, 36, 40, 41, 46, 47, 48, 49, 58, 59, 62, 63, 64, 65, 66, 67, 68, 69, 70, 72, 74], "excluded_lines": [], "functions": {"MCPToolWrapper.__init__": {"executed_lines": [], "summary": {"covered_lines": 0, "num_statements": 5, "percent_covered": 0.0, "percent_covered_display": "0", "missing_lines": 5, "excluded_lines": 0, "percent_statements_covered": 0.0, "percent_statements_covered_display": "0"}, "missing_lines": [32, 33, 34, 35, 36], "excluded_lines": [], "start_line": 17}, "MCPToolWrapper.execute": {"executed_lines": [], "summary": {"covered_lines": 0, "num_statements": 6, "percent_covered": 0.0, "percent_covered_display": "0", "missing_lines": 6, "excluded_lines": 0, "percent_statements_covered": 0.0, "percent_statements_covered_display": "0"}, "missing_lines": [40, 41, 46, 47, 48, 49], "excluded_lines": [], "start_line": 38}, "MCPToolWrapper._extract_text": {"executed_lines": [], "summary": {"covered_lines": 0, "num_statements": 13, "percent_covered": 0.0, "percent_covered_display": "0", "missing_lines": 13, "excluded_lines": 0, "percent_statements_covered": 0.0, "percent_statements_covered_display": "0"}, "missing_lines": [58, 59, 62, 63, 64, 65, 66, 67, 68, 69, 70, 72, 74], "excluded_lines": [], "start_line": 56}, "": {"executed_lines": [3, 5, 8, 17, 38, 55, 56], "summary": {"covered_lines": 7, "num_statements": 7, "percent_covered": 100.0, "percent_covered_display": "100", "missing_lines": 0, "excluded_lines": 0, "percent_statements_covered": 100.0, "percent_statements_covered_display": "100"}, "missing_lines": [], "excluded_lines": [], "start_line": 1}}, "classes": {"MCPToolWrapper": {"executed_lines": [], "summary": {"covered_lines": 0, "num_statements": 24, "percent_covered": 0.0, "percent_covered_display": "0", "missing_lines": 24, "excluded_lines": 0, "percent_statements_covered": 0.0, "percent_statements_covered_display": "0"}, "missing_lines": [32, 33, 34, 35, 36, 40, 41, 46, 47, 48, 49, 58, 59, 62, 63, 64, 65, 66, 67, 68, 69, 70, 72, 74], "excluded_lines": [], "start_line": 8}, "": {"executed_lines": [3, 5, 8, 17, 38, 55, 56], "summary": {"covered_lines": 7, "num_statements": 7, "percent_covered": 100.0, "percent_covered_display": "100", "missing_lines": 0, "excluded_lines": 0, "percent_statements_covered": 100.0, "percent_statements_covered_display": "100"}, "missing_lines": [], "excluded_lines": [], "start_line": 1}}}, "penguincode_cli/tools/memory.py": {"executed_lines": [3, 5, 7, 10, 13, 22, 23, 24, 26, 31, 49, 51, 61, 63, 64, 96, 124, 148, 168, 192, 211, 230, 236], "summary": {"covered_lines": 23, "num_statements": 56, "percent_covered": 41.07142857142857, "percent_covered_display": "41", "missing_lines": 33, "excluded_lines": 0, "percent_statements_covered": 41.07142857142857, "percent_statements_covered_display": "41"}, "missing_lines": [27, 28, 72, 73, 81, 82, 91, 113, 114, 116, 122, 141, 142, 144, 146, 161, 162, 164, 166, 185, 186, 188, 190, 205, 206, 208, 209, 224, 225, 227, 228, 232, 250], "excluded_lines": [], "functions": {"MemoryManager.__init__": {"executed_lines": [22, 23, 24, 26, 31, 49], "summary": {"covered_lines": 6, "num_statements": 8, "percent_covered": 75.0, "percent_covered_display": "75", "missing_lines": 2, "excluded_lines": 0, "percent_statements_covered": 75.0, "percent_statements_covered_display": "75"}, "missing_lines": [27, 28], "excluded_lines": [], "start_line": 13}, "MemoryManager._get_vector_store_config": {"executed_lines": [61, 63, 64], "summary": {"covered_lines": 3, "num_statements": 8, "percent_covered": 37.5, "percent_covered_display": "38", "missing_lines": 5, "excluded_lines": 0, "percent_statements_covered": 37.5, "percent_statements_covered_display": "38"}, "missing_lines": [72, 73, 81, 82, 91], "excluded_lines": [], "start_line": 51}, "MemoryManager.add_memory": {"executed_lines": [], "summary": {"covered_lines": 0, "num_statements": 4, "percent_covered": 0.0, "percent_covered_display": "0", "missing_lines": 4, "excluded_lines": 0, "percent_statements_covered": 0.0, "percent_statements_covered_display": "0"}, "missing_lines": [113, 114, 116, 122], "excluded_lines": [], "start_line": 96}, "MemoryManager.search_memories": {"executed_lines": [], "summary": {"covered_lines": 0, "num_statements": 4, "percent_covered": 0.0, "percent_covered_display": "0", "missing_lines": 4, "excluded_lines": 0, "percent_statements_covered": 0.0, "percent_statements_covered_display": "0"}, "missing_lines": [141, 142, 144, 146], "excluded_lines": [], "start_line": 124}, "MemoryManager.get_all_memories": {"executed_lines": [], "summary": {"covered_lines": 0, "num_statements": 4, "percent_covered": 0.0, "percent_covered_display": "0", "missing_lines": 4, "excluded_lines": 0, "percent_statements_covered": 0.0, "percent_statements_covered_display": "0"}, "missing_lines": [161, 162, 164, 166], "excluded_lines": [], "start_line": 148}, "MemoryManager.update_memory": {"executed_lines": [], "summary": {"covered_lines": 0, "num_statements": 4, "percent_covered": 0.0, "percent_covered_display": "0", "missing_lines": 4, "excluded_lines": 0, "percent_statements_covered": 0.0, "percent_statements_covered_display": "0"}, "missing_lines": [185, 186, 188, 190], "excluded_lines": [], "start_line": 168}, "MemoryManager.delete_memory": {"executed_lines": [], "summary": {"covered_lines": 0, "num_statements": 4, "percent_covered": 0.0, "percent_covered_display": "0", "missing_lines": 4, "excluded_lines": 0, "percent_statements_covered": 0.0, "percent_statements_covered_display": "0"}, "missing_lines": [205, 206, 208, 209], "excluded_lines": [], "start_line": 192}, "MemoryManager.delete_all_memories": {"executed_lines": [], "summary": {"covered_lines": 0, "num_statements": 4, "percent_covered": 0.0, "percent_covered_display": "0", "missing_lines": 4, "excluded_lines": 0, "percent_statements_covered": 0.0, "percent_statements_covered_display": "0"}, "missing_lines": [224, 225, 227, 228], "excluded_lines": [], "start_line": 211}, "MemoryManager.is_enabled": {"executed_lines": [], "summary": {"covered_lines": 0, "num_statements": 1, "percent_covered": 0.0, "percent_covered_display": "0", "missing_lines": 1, "excluded_lines": 0, "percent_statements_covered": 0.0, "percent_statements_covered_display": "0"}, "missing_lines": [232], "excluded_lines": [], "start_line": 230}, "create_memory_manager": {"executed_lines": [], "summary": {"covered_lines": 0, "num_statements": 1, "percent_covered": 0.0, "percent_covered_display": "0", "missing_lines": 1, "excluded_lines": 0, "percent_statements_covered": 0.0, "percent_statements_covered_display": "0"}, "missing_lines": [250], "excluded_lines": [], "start_line": 236}, "": {"executed_lines": [3, 5, 7, 10, 13, 51, 96, 124, 148, 168, 192, 211, 230, 236], "summary": {"covered_lines": 14, "num_statements": 14, "percent_covered": 100.0, "percent_covered_display": "100", "missing_lines": 0, "excluded_lines": 0, "percent_statements_covered": 100.0, "percent_statements_covered_display": "100"}, "missing_lines": [], "excluded_lines": [], "start_line": 1}}, "classes": {"MemoryManager": {"executed_lines": [22, 23, 24, 26, 31, 49, 61, 63, 64], "summary": {"covered_lines": 9, "num_statements": 41, "percent_covered": 21.951219512195124, "percent_covered_display": "22", "missing_lines": 32, "excluded_lines": 0, "percent_statements_covered": 21.951219512195124, "percent_statements_covered_display": "22"}, "missing_lines": [27, 28, 72, 73, 81, 82, 91, 113, 114, 116, 122, 141, 142, 144, 146, 161, 162, 164, 166, 185, 186, 188, 190, 205, 206, 208, 209, 224, 225, 227, 228, 232], "excluded_lines": [], "start_line": 10}, "": {"executed_lines": [3, 5, 7, 10, 13, 51, 96, 124, 148, 168, 192, 211, 230, 236], "summary": {"covered_lines": 14, "num_statements": 15, "percent_covered": 93.33333333333333, "percent_covered_display": "93", "missing_lines": 1, "excluded_lines": 0, "percent_statements_covered": 93.33333333333333, "percent_statements_covered_display": "93"}, "missing_lines": [250], "excluded_lines": [], "start_line": 1}}}, "penguincode_cli/tools/web.py": {"executed_lines": [4, 5, 7, 9, 10, 13, 16, 26, 40, 45, 48, 57, 88, 119, 135], "summary": {"covered_lines": 15, "num_statements": 46, "percent_covered": 32.608695652173914, "percent_covered_display": "33", "missing_lines": 31, "excluded_lines": 0, "percent_statements_covered": 32.608695652173914, "percent_statements_covered_display": "33"}, "missing_lines": [23, 24, 37, 38, 42, 55, 68, 69, 70, 72, 78, 79, 81, 83, 84, 85, 86, 98, 99, 102, 103, 106, 109, 110, 112, 114, 115, 131, 132, 147, 148], "excluded_lines": [], "functions": {"WebSearchTool.__init__": {"executed_lines": [], "summary": {"covered_lines": 0, "num_statements": 2, "percent_covered": 0.0, "percent_covered_display": "0", "missing_lines": 2, "excluded_lines": 0, "percent_statements_covered": 0.0, "percent_statements_covered_display": "0"}, "missing_lines": [23, 24], "excluded_lines": [], "start_line": 16}, "WebSearchTool.search": {"executed_lines": [], "summary": {"covered_lines": 0, "num_statements": 2, "percent_covered": 0.0, "percent_covered_display": "0", "missing_lines": 2, "excluded_lines": 0, "percent_statements_covered": 0.0, "percent_statements_covered_display": "0"}, "missing_lines": [37, 38], "excluded_lines": [], "start_line": 26}, "WebSearchTool.get_engine_name": {"executed_lines": [], "summary": {"covered_lines": 0, "num_statements": 1, "percent_covered": 0.0, "percent_covered_display": "0", "missing_lines": 1, "excluded_lines": 0, "percent_statements_covered": 0.0, "percent_statements_covered_display": "0"}, "missing_lines": [42], "excluded_lines": [], "start_line": 40}, "WebFetchTool.__init__": {"executed_lines": [], "summary": {"covered_lines": 0, "num_statements": 1, "percent_covered": 0.0, "percent_covered_display": "0", "missing_lines": 1, "excluded_lines": 0, "percent_statements_covered": 0.0, "percent_statements_covered_display": "0"}, "missing_lines": [55], "excluded_lines": [], "start_line": 48}, "WebFetchTool.fetch": {"executed_lines": [], "summary": {"covered_lines": 0, "num_statements": 11, "percent_covered": 0.0, "percent_covered_display": "0", "missing_lines": 11, "excluded_lines": 0, "percent_statements_covered": 0.0, "percent_statements_covered_display": "0"}, "missing_lines": [68, 69, 70, 72, 78, 79, 81, 83, 84, 85, 86], "excluded_lines": [], "start_line": 57}, "WebFetchTool._extract_text": {"executed_lines": [], "summary": {"covered_lines": 0, "num_statements": 10, "percent_covered": 0.0, "percent_covered_display": "0", "missing_lines": 10, "excluded_lines": 0, "percent_statements_covered": 0.0, "percent_statements_covered_display": "0"}, "missing_lines": [98, 99, 102, 103, 106, 109, 110, 112, 114, 115], "excluded_lines": [], "start_line": 88}, "search_web": {"executed_lines": [], "summary": {"covered_lines": 0, "num_statements": 2, "percent_covered": 0.0, "percent_covered_display": "0", "missing_lines": 2, "excluded_lines": 0, "percent_statements_covered": 0.0, "percent_statements_covered_display": "0"}, "missing_lines": [131, 132], "excluded_lines": [], "start_line": 119}, "fetch_url": {"executed_lines": [], "summary": {"covered_lines": 0, "num_statements": 2, "percent_covered": 0.0, "percent_covered_display": "0", "missing_lines": 2, "excluded_lines": 0, "percent_statements_covered": 0.0, "percent_statements_covered_display": "0"}, "missing_lines": [147, 148], "excluded_lines": [], "start_line": 135}, "": {"executed_lines": [4, 5, 7, 9, 10, 13, 16, 26, 40, 45, 48, 57, 88, 119, 135], "summary": {"covered_lines": 15, "num_statements": 15, "percent_covered": 100.0, "percent_covered_display": "100", "missing_lines": 0, "excluded_lines": 0, "percent_statements_covered": 100.0, "percent_statements_covered_display": "100"}, "missing_lines": [], "excluded_lines": [], "start_line": 1}}, "classes": {"WebSearchTool": {"executed_lines": [], "summary": {"covered_lines": 0, "num_statements": 5, "percent_covered": 0.0, "percent_covered_display": "0", "missing_lines": 5, "excluded_lines": 0, "percent_statements_covered": 0.0, "percent_statements_covered_display": "0"}, "missing_lines": [23, 24, 37, 38, 42], "excluded_lines": [], "start_line": 13}, "WebFetchTool": {"executed_lines": [], "summary": {"covered_lines": 0, "num_statements": 22, "percent_covered": 0.0, "percent_covered_display": "0", "missing_lines": 22, "excluded_lines": 0, "percent_statements_covered": 0.0, "percent_statements_covered_display": "0"}, "missing_lines": [55, 68, 69, 70, 72, 78, 79, 81, 83, 84, 85, 86, 98, 99, 102, 103, 106, 109, 110, 112, 114, 115], "excluded_lines": [], "start_line": 45}, "": {"executed_lines": [4, 5, 7, 9, 10, 13, 16, 26, 40, 45, 48, 57, 88, 119, 135], "summary": {"covered_lines": 15, "num_statements": 19, "percent_covered": 78.94736842105263, "percent_covered_display": "79", "missing_lines": 4, "excluded_lines": 0, "percent_statements_covered": 78.94736842105263, "percent_statements_covered_display": "79"}, "missing_lines": [131, 132, 147, 148], "excluded_lines": [], "start_line": 1}}}, "penguincode_cli/ui/__init__.py": {"executed_lines": [3, 5], "summary": {"covered_lines": 2, "num_statements": 2, "percent_covered": 100.0, "percent_covered_display": "100", "missing_lines": 0, "excluded_lines": 0, "percent_statements_covered": 100.0, "percent_statements_covered_display": "100"}, "missing_lines": [], "excluded_lines": [], "functions": {"": {"executed_lines": [3, 5], "summary": {"covered_lines": 2, "num_statements": 2, "percent_covered": 100.0, "percent_covered_display": "100", "missing_lines": 0, "excluded_lines": 0, "percent_statements_covered": 100.0, "percent_statements_covered_display": "100"}, "missing_lines": [], "excluded_lines": [], "start_line": 1}}, "classes": {"": {"executed_lines": [3, 5], "summary": {"covered_lines": 2, "num_statements": 2, "percent_covered": 100.0, "percent_covered_display": "100", "missing_lines": 0, "excluded_lines": 0, "percent_statements_covered": 100.0, "percent_statements_covered_display": "100"}, "missing_lines": [], "excluded_lines": [], "start_line": 1}}}, "penguincode_cli/ui/console.py": {"executed_lines": [4, 5, 6, 7, 8, 11, 14, 29, 45, 59, 73, 87, 101, 118], "summary": {"covered_lines": 14, "num_statements": 39, "percent_covered": 35.8974358974359, "percent_covered_display": "36", "missing_lines": 25, "excluded_lines": 0, "percent_statements_covered": 35.8974358974359, "percent_statements_covered_display": "36"}, "missing_lines": [22, 23, 24, 26, 38, 39, 40, 42, 53, 54, 56, 67, 68, 70, 81, 82, 84, 95, 96, 98, 112, 113, 114, 115, 127], "excluded_lines": [], "functions": {"print_markdown": {"executed_lines": [], "summary": {"covered_lines": 0, "num_statements": 4, "percent_covered": 0.0, "percent_covered_display": "0", "missing_lines": 4, "excluded_lines": 0, "percent_statements_covered": 0.0, "percent_statements_covered_display": "0"}, "missing_lines": [22, 23, 24, 26], "excluded_lines": [], "start_line": 14}, "print_code": {"executed_lines": [], "summary": {"covered_lines": 0, "num_statements": 4, "percent_covered": 0.0, "percent_covered_display": "0", "missing_lines": 4, "excluded_lines": 0, "percent_statements_covered": 0.0, "percent_statements_covered_display": "0"}, "missing_lines": [38, 39, 40, 42], "excluded_lines": [], "start_line": 29}, "print_info": {"executed_lines": [], "summary": {"covered_lines": 0, "num_statements": 3, "percent_covered": 0.0, "percent_covered_display": "0", "missing_lines": 3, "excluded_lines": 0, "percent_statements_covered": 0.0, "percent_statements_covered_display": "0"}, "missing_lines": [53, 54, 56], "excluded_lines": [], "start_line": 45}, "print_success": {"executed_lines": [], "summary": {"covered_lines": 0, "num_statements": 3, "percent_covered": 0.0, "percent_covered_display": "0", "missing_lines": 3, "excluded_lines": 0, "percent_statements_covered": 0.0, "percent_statements_covered_display": "0"}, "missing_lines": [67, 68, 70], "excluded_lines": [], "start_line": 59}, "print_warning": {"executed_lines": [], "summary": {"covered_lines": 0, "num_statements": 3, "percent_covered": 0.0, "percent_covered_display": "0", "missing_lines": 3, "excluded_lines": 0, "percent_statements_covered": 0.0, "percent_statements_covered_display": "0"}, "missing_lines": [81, 82, 84], "excluded_lines": [], "start_line": 73}, "print_error": {"executed_lines": [], "summary": {"covered_lines": 0, "num_statements": 3, "percent_covered": 0.0, "percent_covered_display": "0", "missing_lines": 3, "excluded_lines": 0, "percent_statements_covered": 0.0, "percent_statements_covered_display": "0"}, "missing_lines": [95, 96, 98], "excluded_lines": [], "start_line": 87}, "create_table": {"executed_lines": [], "summary": {"covered_lines": 0, "num_statements": 4, "percent_covered": 0.0, "percent_covered_display": "0", "missing_lines": 4, "excluded_lines": 0, "percent_statements_covered": 0.0, "percent_statements_covered_display": "0"}, "missing_lines": [112, 113, 114, 115], "excluded_lines": [], "start_line": 101}, "print_panel": {"executed_lines": [], "summary": {"covered_lines": 0, "num_statements": 1, "percent_covered": 0.0, "percent_covered_display": "0", "missing_lines": 1, "excluded_lines": 0, "percent_statements_covered": 0.0, "percent_statements_covered_display": "0"}, "missing_lines": [127], "excluded_lines": [], "start_line": 118}, "": {"executed_lines": [4, 5, 6, 7, 8, 11, 14, 29, 45, 59, 73, 87, 101, 118], "summary": {"covered_lines": 14, "num_statements": 14, "percent_covered": 100.0, "percent_covered_display": "100", "missing_lines": 0, "excluded_lines": 0, "percent_statements_covered": 100.0, "percent_statements_covered_display": "100"}, "missing_lines": [], "excluded_lines": [], "start_line": 1}}, "classes": {"": {"executed_lines": [4, 5, 6, 7, 8, 11, 14, 29, 45, 59, 73, 87, 101, 118], "summary": {"covered_lines": 14, "num_statements": 39, "percent_covered": 35.8974358974359, "percent_covered_display": "36", "missing_lines": 25, "excluded_lines": 0, "percent_statements_covered": 35.8974358974359, "percent_statements_covered_display": "36"}, "missing_lines": [22, 23, 24, 26, 38, 39, 40, 42, 53, 54, 56, 67, 68, 70, 81, 82, 84, 95, 96, 98, 112, 113, 114, 115, 127], "excluded_lines": [], "start_line": 1}}}}, "totals": {"covered_lines": 1606, "num_statements": 6687, "percent_covered": 24.01674891580679, "percent_covered_display": "24", "missing_lines": 5081, "excluded_lines": 4, "percent_statements_covered": 24.01674891580679, "percent_statements_covered_display": "24"}}